#
# There is insufficient memory for the Java Runtime Environment to continue.
# Native memory allocation (malloc) failed to allocate 32744 bytes for ChunkPool::allocate
# Possible reasons:
#   The system is out of physical RAM or swap space
#   In 32 bit mode, the process size limit was hit
# Possible solutions:
#   Reduce memory load on the system
#   Increase physical memory or swap space
#   Check if swap backing store is full
#   Use 64 bit Java on a 64 bit OS
#   Decrease Java heap size (-Xmx/-Xms)
#   Decrease number of Java threads
#   Decrease Java thread stack sizes (-Xss)
#   Set larger code cache with -XX:ReservedCodeCacheSize=
# This output file may be truncated or incomplete.
#
#  Out of Memory Error (allocation.cpp:271), pid=7048, tid=5012
#
# JRE version: Java(TM) SE Runtime Environment (8.0_11-b12) (build 1.8.0_11-b12)
# Java VM: Java HotSpot(TM) 64-Bit Server VM (25.11-b03 mixed mode windows-amd64 compressed oops)
# Failed to write core dump. Minidumps are not enabled by default on client versions of Windows
#

---------------  T H R E A D  ---------------

Current thread (0x0000000014dc4800):  JavaThread "C1 CompilerThread2" daemon [_thread_in_native, id=5012, stack(0x00000000164d0000,0x00000000165d0000)]

Stack: [0x00000000164d0000,0x00000000165d0000]
[error occurred during error reporting (printing stack bounds), id 0xc0000005]

Native frames: (J=compiled Java code, j=interpreted, Vv=VM code, C=native code)
V  [jvm.dll+0x308eca]
V  [jvm.dll+0x25e121]
V  [jvm.dll+0x25ed33]
V  [jvm.dll+0x277366]
V  [jvm.dll+0x27aea3]
V  [jvm.dll+0x59682f]
C  [msvcr100.dll+0x712e3]
V  [jvm.dll+0x595f4d]
C  [ntdll.dll+0xaab9d]
C  [ntdll.dll+0x49913]
C  [ntdll.dll+0xa9cba]
V  [jvm.dll+0x1fdfe1]


Current CompileTask:
C1:    628   24       3       java.io.DataInputStream::readUTF (501 bytes)


---------------  P R O C E S S  ---------------

Java Threads: ( => current thread )
  0x0000000014dcb800 JavaThread "Service Thread" daemon [_thread_blocked, id=10216, stack(0x00000000165d0000,0x00000000166d0000)]
=>0x0000000014dc4800 JavaThread "C1 CompilerThread2" daemon [_thread_in_native, id=5012, stack(0x00000000164d0000,0x00000000165d0000)]
  0x0000000014dbe000 JavaThread "C2 CompilerThread1" daemon [_thread_blocked, id=6080, stack(0x00000000163d0000,0x00000000164d0000)]
  0x0000000014d6d000 JavaThread "C2 CompilerThread0" daemon [_thread_blocked, id=1180, stack(0x00000000162d0000,0x00000000163d0000)]
  0x0000000014d6b800 JavaThread "Attach Listener" daemon [_thread_blocked, id=9376, stack(0x00000000161d0000,0x00000000162d0000)]
  0x0000000014d6a800 JavaThread "Signal Dispatcher" daemon [_thread_blocked, id=9868, stack(0x00000000160d0000,0x00000000161d0000)]
  0x000000000268e000 JavaThread "Finalizer" daemon [_thread_blocked, id=3052, stack(0x0000000015fd0000,0x00000000160d0000)]
  0x0000000002688800 JavaThread "Reference Handler" daemon [_thread_blocked, id=4388, stack(0x0000000015ed0000,0x0000000015fd0000)]
  0x00000000025a0800 JavaThread "main" [_thread_blocked, id=8732, stack(0x00000000024a0000,0x00000000025a0000)]

Other Threads:
  0x0000000014d35800 VMThread [stack: 0x0000000015dd0000,0x0000000015ed0000] [id=7804]
  0x0000000014dce000 WatcherThread [stack: 0x00000000166d0000,0x00000000167d0000] [id=8932]

VM state:at safepoint (normal execution)

VM Mutex/Monitor currently owned by a thread:  ([mutex/lock_event])
[0x000000000243bba0] OopMapCacheAlloc_lock - owner thread: 0x00000000025b8800
[0x000000000243ca70] Threads_lock - owner thread: 0x0000000014d35800
[0x000000000243c4f0] Heap_lock - owner thread: 0x00000000025a0800

Heap:
 PSYoungGen      total 1024K, used 512K [0x00000000eab00000, 0x00000000eac80000, 0x0000000100000000)
  eden space 512K, 100% used [0x00000000eab00000,0x00000000eab80000,0x00000000eab80000)
  from space 512K, 0% used [0x00000000eac00000,0x00000000eac00000,0x00000000eac80000)
  to   space 512K, 90% used [0x00000000eab80000,0x00000000eabf4010,0x00000000eac00000)
 ParOldGen       total 64000K, used 8K [0x00000000c0000000, 0x00000000c3e80000, 0x00000000eab00000)
  object space 64000K, 0% used [0x00000000c0000000,0x00000000c0002000,0x00000000c3e80000)
 Metaspace       used 2507K, capacity 4480K, committed 4480K, reserved 1056768K
  class space    used 272K, capacity 384K, committed 384K, reserved 1048576K

Card table byte_map: [0x0000000011a60000,0x0000000011c70000] byte_map_base: 0x0000000011460000

Marking Bits: (ParMarkBitMap*) 0x0000000053c912b0
 Begin Bits: [0x00000000121d0000, 0x00000000131d0000)
 End Bits:   [0x00000000131d0000, 0x00000000141d0000)

Polling page: 0x0000000000870000

CodeCache: size=245760Kb used=1094Kb max_used=1094Kb free=244665Kb
 bounds [0x00000000026a0000, 0x0000000002910000, 0x00000000116a0000]
 total_blobs=253 nmethods=22 adapters=146
 compilation: enabled

Compilation events (10 events):
Event: 0.301 Thread 0x0000000014dc4800 nmethod 18 0x00000000027adb50 code [0x00000000027adce0, 0x00000000027ae230]
Event: 0.301 Thread 0x0000000014dc4800   19       3       java.lang.Math::min (11 bytes)
Event: 0.301 Thread 0x0000000014dc4800 nmethod 19 0x00000000027ae410 code [0x00000000027ae560, 0x00000000027ae6f0]
Event: 0.301 Thread 0x0000000014dc4800   20       3       java.lang.String::getChars (62 bytes)
Event: 0.301 Thread 0x0000000014dc4800 nmethod 20 0x00000000027ae750 code [0x00000000027ae900, 0x00000000027aed38]
Event: 0.313 Thread 0x0000000014dc4800   21       3       java.io.BufferedInputStream::getBufIfOpen (21 bytes)
Event: 0.313 Thread 0x0000000014dc4800 nmethod 21 0x00000000027b0590 code [0x00000000027b0700, 0x00000000027b0908]
Event: 0.313 Thread 0x0000000014dc4800   22       3       java.util.Arrays::copyOfRange (63 bytes)
Event: 0.314 Thread 0x0000000014dc4800 nmethod 22 0x00000000027b09d0 code [0x00000000027b0be0, 0x00000000027b1698]
Event: 0.314 Thread 0x0000000014dc4800   24       3       java.io.DataInputStream::readUTF (501 bytes)

GC Heap History (0 events):
No events

Deoptimization events (0 events):
No events

Internal exceptions (2 events):
Event: 0.214 Thread 0x00000000025a0800 Exception <a 'java/lang/NoSuchMethodError': Method sun.misc.Unsafe.defineClass(Ljava/lang/String;[BII)Ljava/lang/Class; name or signature does not match> (0x00000000eab0f230) thrown at [C:\re\workspace\8-2-build-windows-amd64-cygwin\jdk8u11\648\hotspot\srcvú q
aÀ?
Event: 0.214 Thread 0x00000000025a0800 Exception <a 'java/lang/NoSuchMethodError': Method sun.misc.Unsafe.prefetchRead(Ljava/lang/Object;J)V name or signature does not match> (0x00000000eab0f4c0) thrown at [C:\re\workspace\8-2-build-windows-amd64-cygwin\jdk8u11\648\hotspot\src\share\vm\prims\jn

Events (10 events):
Event: 0.310 loading class sun/util/calendar/ZoneInfo
Event: 0.311 loading class sun/util/calendar/ZoneInfo done
Event: 0.311 loading class sun/util/calendar/ZoneInfoFile
Event: 0.311 loading class sun/util/calendar/ZoneInfoFile done
Event: 0.312 loading class sun/util/calendar/ZoneInfoFile$1
Event: 0.312 loading class sun/util/calendar/ZoneInfoFile$1 done
Event: 0.312 loading class java/io/DataInputStream
Event: 0.312 loading class java/io/DataInput
Event: 0.312 loading class java/io/DataInput done
Event: 0.312 loading class java/io/DataInputStream done


Dynamic libraries:
0x00007ff76aa90000 - 0x00007ff76aac4000 	C:\Program Files\Java\jdk1.8.0_11\bin\java.exe
0x00007ffefaf80000 - 0x00007ffefb151000 	C:\WINDOWS\SYSTEM32\ntdll.dll
0x00007ffef88c0000 - 0x00007ffef896b000 	C:\WINDOWS\System32\KERNEL32.DLL
0x00007ffef7a90000 - 0x00007ffef7cad000 	C:\WINDOWS\System32\KERNELBASE.dll
0x00007ffef8580000 - 0x00007ffef8622000 	C:\WINDOWS\System32\ADVAPI32.dll
0x00007ffefa740000 - 0x00007ffefa7de000 	C:\WINDOWS\System32\msvcrt.dll
0x00007ffefa640000 - 0x00007ffefa699000 	C:\WINDOWS\System32\sechost.dll
0x00007ffeface0000 - 0x00007ffefae01000 	C:\WINDOWS\System32\RPCRT4.dll
0x00007ffef8970000 - 0x00007ffef8ad5000 	C:\WINDOWS\System32\USER32.dll
0x00007ffef84a0000 - 0x00007ffef84be000 	C:\WINDOWS\System32\win32u.dll
0x00007ffef9ff0000 - 0x00007ffefa024000 	C:\WINDOWS\System32\GDI32.dll
0x00007ffef7900000 - 0x00007ffef7a82000 	C:\WINDOWS\System32\gdi32full.dll
0x00007ffef37d0000 - 0x00007ffef3a49000 	C:\WINDOWS\WinSxS\amd64_microsoft.windows.common-controls_6595b64144ccf1df_6.0.14393.447_none_42191651c6827bb3\COMCTL32.dll
0x00007ffefa7e0000 - 0x00007ffefaaa8000 	C:\WINDOWS\System32\combase.dll
0x00007ffef7580000 - 0x00007ffef7675000 	C:\WINDOWS\System32\ucrtbase.dll
0x00007ffef8390000 - 0x00007ffef83fa000 	C:\WINDOWS\System32\bcryptPrimitives.dll
0x00007ffefabf0000 - 0x00007ffefac1e000 	C:\WINDOWS\System32\IMM32.DLL
0x0000000053260000 - 0x0000000053332000 	C:\Program Files\Java\jdk1.8.0_11\jre\bin\msvcr100.dll
0x00000000534e0000 - 0x0000000053d0a000 	C:\Program Files\Java\jdk1.8.0_11\jre\bin\server\jvm.dll
0x00007ffef8570000 - 0x00007ffef8578000 	C:\WINDOWS\System32\PSAPI.DLL
0x00007ffef5960000 - 0x00007ffef5969000 	C:\WINDOWS\SYSTEM32\WSOCK32.dll
0x00007ffefaf10000 - 0x00007ffefaf7a000 	C:\WINDOWS\System32\WS2_32.dll
0x00007ffef58f0000 - 0x00007ffef5913000 	C:\WINDOWS\SYSTEM32\WINMM.dll
0x00007ffef58c0000 - 0x00007ffef58eb000 	C:\WINDOWS\SYSTEM32\WINMMBASE.dll
0x00007ffef84c0000 - 0x00007ffef8502000 	C:\WINDOWS\System32\cfgmgr32.dll
0x00000000547f0000 - 0x00000000547ff000 	C:\Program Files\Java\jdk1.8.0_11\jre\bin\verify.dll
0x0000000054450000 - 0x0000000054478000 	C:\Program Files\Java\jdk1.8.0_11\jre\bin\java.dll
0x00000000547d0000 - 0x00000000547e6000 	C:\Program Files\Java\jdk1.8.0_11\jre\bin\zip.dll
0x00007ffef8ae0000 - 0x00007ffef9fe9000 	C:\WINDOWS\System32\SHELL32.dll
0x00007ffef7cb0000 - 0x00007ffef838a000 	C:\WINDOWS\System32\windows.storage.dll
0x00007ffef73f0000 - 0x00007ffef743c000 	C:\WINDOWS\System32\powrprof.dll
0x00007ffefa5e0000 - 0x00007ffefa632000 	C:\WINDOWS\System32\shlwapi.dll
0x00007ffef73e0000 - 0x00007ffef73ef000 	C:\WINDOWS\System32\kernel.appcore.dll
0x00007ffef7470000 - 0x00007ffef7519000 	C:\WINDOWS\System32\shcore.dll
0x00007ffef7440000 - 0x00007ffef7454000 	C:\WINDOWS\System32\profapi.dll
0x00007ffee9250000 - 0x00007ffee93e2000 	C:\WINDOWS\SYSTEM32\dbghelp.dll

VM Arguments:
jvm_args: -Djava.awt.headless=true -Xmx1024M -Dfile.encoding=windows-1252 -Duser.country=US -Duser.language=en -Duser.variant 
java_command: com.android.dx.command.Main --dex --num-threads=4 --output G:\APK\TugasAkhir1.2\app\build\intermediates\pre-dexed\debug\com.android.support-support-vector-drawable-23.4.0_6e98f43e87dda9b303f3a077c7a2bb4d97a2d93f.jar G:\APK\TugasAkhir1.2\app\build\intermediates\exploded-aar\com.android.support\support-vector-drawable\23.4.0\jars\classes.jar
java_class_path (initial): C:\Users\Rido\AppData\Local\Android\sdk\build-tools\24.0.3\lib\dx.jar
Launcher Type: SUN_STANDARD

Environment Variables:
PATH=C:\WINDOWS\system32;C:\WINDOWS;C:\WINDOWS\System32\Wbem;C:\WINDOWS\System32\WindowsPowerShell\v1.0\;C:\Program Files\Java\jdk1.8.0_11\bin;C:\xampp\php;C:\Program Files (x86)\Microsoft SQL Server\100\Tools\Binn\;C:\Program Files\Microsoft SQL Server\100\Tools\Binn\;C:\Program Files\Microsoft SQL Server\100\DTS\Binn\;C:\Program Files (x86)\Microsoft SQL Server\100\Tools\Binn\VSShell\Common7\IDE\;C:\Program Files (x86)\Microsoft SQL Server\100\DTS\Binn\;C:\OpenSSL-Win64\bin\openssl.cfg;C:\Program Files (x86)\GNU\GnuPG\pub;C:\Program Files\Git\cmd;C:\ProgramData\ComposerSetup\bin;C:\WINDOWS\system32;C:\WINDOWS;C:\WINDOWS\System32\Wbem;C:\WINDOWS\System32\WindowsPowerShell\v1.0\;C:\Program Files\Java\jdk1.8.0_11\bin;C:\Users\Rido\AppData\Local\Microsoft\WindowsApps;C:\Users\Rido\AppData\Roaming\Composer\vendor\bin
USERNAME=1312100999
OS=Windows_NT
PROCESSOR_IDENTIFIER=Intel64 Family 6 Model 58 Stepping 9, GenuineIntel



---------------  S Y S T E M  ---------------

OS: Windows 8.1 , 64 bit Build 9600 

CPU:total 4 (2 cores per cpu, 2 threads per core) family 6 model 58 stepping 9, cmov, cx8, fxsr, mmx, sse, sse2, sse3, ssse3, sse4.1, sse4.2, popcnt, avx, clmul, erms, ht, tsc, tscinvbit

Memory: 4k page, physical 4089620k(571280k free), swap 5531412k(125860k free)

vm_info: Java HotSpot(TM) 64-Bit Server VM (25.11-b03) for windows-amd64 JRE (1.8.0_11-b12), built on Jun 16 2014 20:57:32 by "java_re" with MS VC++ 10.0 (VS2010)

time: Thu Jan 26 09:26:05 2017
elapsed time: 0 seconds

