#
# There is insufficient memory for the Java Runtime Environment to continue.
# Native memory allocation (malloc) failed to allocate 1789376 bytes for Chunk::new
# Possible reasons:
#   The system is out of physical RAM or swap space
#   In 32 bit mode, the process size limit was hit
# Possible solutions:
#   Reduce memory load on the system
#   Increase physical memory or swap space
#   Check if swap backing store is full
#   Use 64 bit Java on a 64 bit OS
#   Decrease Java heap size (-Xmx/-Xms)
#   Decrease number of Java threads
#   Decrease Java thread stack sizes (-Xss)
#   Set larger code cache with -XX:ReservedCodeCacheSize=
# This output file may be truncated or incomplete.
#
#  Out of Memory Error (allocation.cpp:388), pid=2260, tid=11212
#
# JRE version: Java(TM) SE Runtime Environment (8.0_11-b12) (build 1.8.0_11-b12)
# Java VM: Java HotSpot(TM) 64-Bit Server VM (25.11-b03 mixed mode windows-amd64 compressed oops)
# Failed to write core dump. Minidumps are not enabled by default on client versions of Windows
#

---------------  T H R E A D  ---------------

Current thread (0x0000000014d40000):  JavaThread "C2 CompilerThread1" daemon [_thread_in_native, id=11212, stack(0x0000000016390000,0x0000000016490000)]

Stack: [0x0000000016390000,0x0000000016490000]
Native frames: (J=compiled Java code, j=interpreted, Vv=VM code, C=native code)
V  [jvm.dll+0x308eca]
V  [jvm.dll+0x25e121]
V  [jvm.dll+0x25ed33]
V  [jvm.dll+0x256705]
V  [jvm.dll+0xbd2b5]
V  [jvm.dll+0xbd75c]
V  [jvm.dll+0x44d772]
V  [jvm.dll+0x48e3cf]
V  [jvm.dll+0x442cbe]
V  [jvm.dll+0x4439eb]
V  [jvm.dll+0x427722]
V  [jvm.dll+0x96982]
V  [jvm.dll+0x97173]
V  [jvm.dll+0x2234b4]
V  [jvm.dll+0x27bcca]
C  [msvcr100.dll+0x21d9f]
C  [msvcr100.dll+0x21e3b]
C  [KERNEL32.DLL+0x8364]
C  [ntdll.dll+0x670d1]


Current CompileTask:
C2:   5531 1997       4       com.android.dx.rop.code.Rops::ropFor (771 bytes)


---------------  P R O C E S S  ---------------

Java Threads: ( => current thread )
  0x00000000165b8800 JavaThread "Service Thread" daemon [_thread_blocked, id=4484, stack(0x0000000016990000,0x0000000016a90000)]
  0x0000000014d61000 JavaThread "C1 CompilerThread2" daemon [_thread_in_native, id=5588, stack(0x0000000016490000,0x0000000016590000)]
=>0x0000000014d40000 JavaThread "C2 CompilerThread1" daemon [_thread_in_native, id=11212, stack(0x0000000016390000,0x0000000016490000)]
  0x0000000014d3c800 JavaThread "C2 CompilerThread0" daemon [_thread_in_native, id=8988, stack(0x0000000016290000,0x0000000016390000)]
  0x0000000014d3b000 JavaThread "Attach Listener" daemon [_thread_blocked, id=10312, stack(0x0000000016190000,0x0000000016290000)]
  0x0000000014d3a800 JavaThread "Signal Dispatcher" daemon [_thread_blocked, id=7644, stack(0x0000000016090000,0x0000000016190000)]
  0x0000000002664800 JavaThread "Finalizer" daemon [_thread_blocked, id=8036, stack(0x0000000015f90000,0x0000000016090000)]
  0x0000000002659800 JavaThread "Reference Handler" daemon [_thread_blocked, id=2536, stack(0x0000000015e90000,0x0000000015f90000)]
  0x0000000002570800 JavaThread "main" [_thread_in_vm, id=6608, stack(0x0000000002420000,0x0000000002520000)]

Other Threads:
  0x0000000014d05800 VMThread [stack: 0x0000000015d90000,0x0000000015e90000] [id=7468]
  0x00000000165ba800 WatcherThread [stack: 0x0000000016a90000,0x0000000016b90000] [id=1172]

VM state:not at safepoint (normal execution)

VM Mutex/Monitor currently owned by a thread: None

Heap:
 PSYoungGen      total 57856K, used 26753K [0x00000000eab00000, 0x00000000eeb80000, 0x0000000100000000)
  eden space 51200K, 39% used [0x00000000eab00000,0x00000000ebea8470,0x00000000edd00000)
  from space 6656K, 99% used [0x00000000ee400000,0x00000000eea78010,0x00000000eea80000)
  to   space 7168K, 0% used [0x00000000edd00000,0x00000000edd00000,0x00000000ee400000)
 ParOldGen       total 64000K, used 51187K [0x00000000c0000000, 0x00000000c3e80000, 0x00000000eab00000)
  object space 64000K, 79% used [0x00000000c0000000,0x00000000c31fcda0,0x00000000c3e80000)
 Metaspace       used 6203K, capacity 7064K, committed 7424K, reserved 1056768K
  class space    used 619K, capacity 656K, committed 768K, reserved 1048576K

Card table byte_map: [0x0000000011a30000,0x0000000011c40000] byte_map_base: 0x0000000011430000

Marking Bits: (ParMarkBitMap*) 0x0000000053c912b0
 Begin Bits: [0x00000000121a0000, 0x00000000131a0000)
 End Bits:   [0x00000000131a0000, 0x00000000141a0000)

Polling page: 0x0000000002360000

CodeCache: size=245760Kb used=8463Kb max_used=8463Kb free=237296Kb
 bounds [0x0000000002670000, 0x0000000002ec0000, 0x0000000011670000]
 total_blobs=2304 nmethods=2039 adapters=178
 compilation: enabled

Compilation events (10 events):
Event: 5.286 Thread 0x0000000014d40000 nmethod 1968 0x0000000002eb4710 code [0x0000000002eb4880, 0x0000000002eb4c38]
Event: 5.286 Thread 0x0000000014d40000 1868       4       com.android.dx.ssa.SsaConverter::needsNewSuccessor (53 bytes)
Event: 5.290 Thread 0x0000000014d40000 nmethod 1868 0x0000000002eb4090 code [0x0000000002eb41e0, 0x0000000002eb43b8]
Event: 5.290 Thread 0x0000000014d40000 1975       4       com.android.dx.ssa.InterferenceRegisterMapper::interferes (78 bytes)
Event: 5.297 Thread 0x0000000014d40000 nmethod 1975 0x0000000002eb3610 code [0x0000000002eb3780, 0x0000000002eb3ac8]
Event: 5.297 Thread 0x0000000014d40000 1869       4       com.android.dx.ssa.SsaBasicBlock::<init> (109 bytes)
Event: 5.308 Thread 0x0000000014d40000 nmethod 1869 0x0000000002e59e10 code [0x0000000002e59fa0, 0x0000000002e5a658]
Event: 5.308 Thread 0x0000000014d40000 1831       4       com.android.dx.cf.code.BasicBlocker::addWorkIfNecessary (32 bytes)
Event: 5.310 Thread 0x0000000014d40000 nmethod 1831 0x0000000002eb4fd0 code [0x0000000002eb5120, 0x0000000002eb5258]
Event: 5.310 Thread 0x0000000014d40000 1997       4       com.android.dx.rop.code.Rops::ropFor (771 bytes)

GC Heap History (10 events):
Event: 2.499 GC heap before
{Heap before GC invocations=16 (full 0):
 PSYoungGen      total 37888K, used 37504K [0x00000000eab00000, 0x00000000eea80000, 0x0000000100000000)
  eden space 32256K, 100% used [0x00000000eab00000,0x00000000eca80000,0x00000000eca80000)
  from space 5632K, 93% used [0x00000000eca80000,0x00000000ecfa0010,0x00000000ed000000)
  to   space 6656K, 0% used [0x00000000ee400000,0x00000000ee400000,0x00000000eea80000)
 ParOldGen       total 64000K, used 15883K [0x00000000c0000000, 0x00000000c3e80000, 0x00000000eab00000)
  object space 64000K, 24% used [0x00000000c0000000,0x00000000c0f82d30,0x00000000c3e80000)
 Metaspace       used 6035K, capacity 6960K, committed 7040K, reserved 1056768K
  class space    used 593K, capacity 616K, committed 640K, reserved 1048576K
Event: 2.533 GC heap after
Heap after GC invocations=16 (full 0):
 PSYoungGen      total 57856K, used 5152K [0x00000000eab00000, 0x00000000eeb80000, 0x0000000100000000)
  eden space 51200K, 0% used [0x00000000eab00000,0x00000000eab00000,0x00000000edd00000)
  from space 6656K, 77% used [0x00000000ee400000,0x00000000ee908000,0x00000000eea80000)
  to   space 7168K, 0% used [0x00000000edd00000,0x00000000edd00000,0x00000000ee400000)
 ParOldGen       total 64000K, used 20807K [0x00000000c0000000, 0x00000000c3e80000, 0x00000000eab00000)
  object space 64000K, 32% used [0x00000000c0000000,0x00000000c1451e40,0x00000000c3e80000)
 Metaspace       used 6035K, capacity 6960K, committed 7040K, reserved 1056768K
  class space    used 593K, capacity 616K, committed 640K, reserved 1048576K
}
Event: 2.935 GC heap before
{Heap before GC invocations=17 (full 0):
 PSYoungGen      total 57856K, used 56352K [0x00000000eab00000, 0x00000000eeb80000, 0x0000000100000000)
  eden space 51200K, 100% used [0x00000000eab00000,0x00000000edd00000,0x00000000edd00000)
  from space 6656K, 77% used [0x00000000ee400000,0x00000000ee908000,0x00000000eea80000)
  to   space 7168K, 0% used [0x00000000edd00000,0x00000000edd00000,0x00000000ee400000)
 ParOldGen       total 64000K, used 20807K [0x00000000c0000000, 0x00000000c3e80000, 0x00000000eab00000)
  object space 64000K, 32% used [0x00000000c0000000,0x00000000c1451e40,0x00000000c3e80000)
 Metaspace       used 6145K, capacity 7064K, committed 7424K, reserved 1056768K
  class space    used 614K, capacity 656K, committed 768K, reserved 1048576K
Event: 3.045 GC heap after
Heap after GC invocations=17 (full 0):
 PSYoungGen      total 58368K, used 7136K [0x00000000eab00000, 0x00000000eeb80000, 0x0000000100000000)
  eden space 51200K, 0% used [0x00000000eab00000,0x00000000eab00000,0x00000000edd00000)
  from space 7168K, 99% used [0x00000000edd00000,0x00000000ee3f8020,0x00000000ee400000)
  to   space 6656K, 0% used [0x00000000ee400000,0x00000000ee400000,0x00000000eea80000)
 ParOldGen       total 64000K, used 26601K [0x00000000c0000000, 0x00000000c3e80000, 0x00000000eab00000)
  object space 64000K, 41% used [0x00000000c0000000,0x00000000c19fa710,0x00000000c3e80000)
 Metaspace       used 6145K, capacity 7064K, committed 7424K, reserved 1056768K
  class space    used 614K, capacity 656K, committed 768K, reserved 1048576K
}
Event: 3.530 GC heap before
{Heap before GC invocations=18 (full 0):
 PSYoungGen      total 58368K, used 58336K [0x00000000eab00000, 0x00000000eeb80000, 0x0000000100000000)
  eden space 51200K, 100% used [0x00000000eab00000,0x00000000edd00000,0x00000000edd00000)
  from space 7168K, 99% used [0x00000000edd00000,0x00000000ee3f8020,0x00000000ee400000)
  to   space 6656K, 0% used [0x00000000ee400000,0x00000000ee400000,0x00000000eea80000)
 ParOldGen       total 64000K, used 26601K [0x00000000c0000000, 0x00000000c3e80000, 0x00000000eab00000)
  object space 64000K, 41% used [0x00000000c0000000,0x00000000c19fa710,0x00000000c3e80000)
 Metaspace       used 6150K, capacity 7064K, committed 7424K, reserved 1056768K
  class space    used 614K, capacity 656K, committed 768K, reserved 1048576K
Event: 3.552 GC heap after
Heap after GC invocations=18 (full 0):
 PSYoungGen      total 57856K, used 6656K [0x00000000eab00000, 0x00000000eeb80000, 0x0000000100000000)
  eden space 51200K, 0% used [0x00000000eab00000,0x00000000eab00000,0x00000000edd00000)
  from space 6656K, 100% used [0x00000000ee400000,0x00000000eea80000,0x00000000eea80000)
  to   space 7168K, 0% used [0x00000000edd00000,0x00000000edd00000,0x00000000ee400000)
 ParOldGen       total 64000K, used 34436K [0x00000000c0000000, 0x00000000c3e80000, 0x00000000eab00000)
  object space 64000K, 53% used [0x00000000c0000000,0x00000000c21a1290,0x00000000c3e80000)
 Metaspace       used 6150K, capacity 7064K, committed 7424K, reserved 1056768K
  class space    used 614K, capacity 656K, committed 768K, reserved 1048576K
}
Event: 3.918 GC heap before
{Heap before GC invocations=19 (full 0):
 PSYoungGen      total 57856K, used 57856K [0x00000000eab00000, 0x00000000eeb80000, 0x0000000100000000)
  eden space 51200K, 100% used [0x00000000eab00000,0x00000000edd00000,0x00000000edd00000)
  from space 6656K, 100% used [0x00000000ee400000,0x00000000eea80000,0x00000000eea80000)
  to   space 7168K, 0% used [0x00000000edd00000,0x00000000edd00000,0x00000000ee400000)
 ParOldGen       total 64000K, used 34436K [0x00000000c0000000, 0x00000000c3e80000, 0x00000000eab00000)
  object space 64000K, 53% used [0x00000000c0000000,0x00000000c21a1290,0x00000000c3e80000)
 Metaspace       used 6162K, capacity 7064K, committed 7424K, reserved 1056768K
  class space    used 614K, capacity 656K, committed 768K, reserved 1048576K
Event: 3.965 GC heap after
Heap after GC invocations=19 (full 0):
 PSYoungGen      total 58368K, used 7168K [0x00000000eab00000, 0x00000000eeb80000, 0x0000000100000000)
  eden space 51200K, 0% used [0x00000000eab00000,0x00000000eab00000,0x00000000edd00000)
  from space 7168K, 100% used [0x00000000edd00000,0x00000000ee400000,0x00000000ee400000)
  to   space 6656K, 0% used [0x00000000ee400000,0x00000000ee400000,0x00000000eea80000)
 ParOldGen       total 64000K, used 42003K [0x00000000c0000000, 0x00000000c3e80000, 0x00000000eab00000)
  object space 64000K, 65% used [0x00000000c0000000,0x00000000c2904e58,0x00000000c3e80000)
 Metaspace       used 6162K, capacity 7064K, committed 7424K, reserved 1056768K
  class space    used 614K, capacity 656K, committed 768K, reserved 1048576K
}
Event: 4.849 GC heap before
{Heap before GC invocations=20 (full 0):
 PSYoungGen      total 58368K, used 58368K [0x00000000eab00000, 0x00000000eeb80000, 0x0000000100000000)
  eden space 51200K, 100% used [0x00000000eab00000,0x00000000edd00000,0x00000000edd00000)
  from space 7168K, 100% used [0x00000000edd00000,0x00000000ee400000,0x00000000ee400000)
  to   space 6656K, 0% used [0x00000000ee400000,0x00000000ee400000,0x00000000eea80000)
 ParOldGen       total 64000K, used 42003K [0x00000000c0000000, 0x00000000c3e80000, 0x00000000eab00000)
  object space 64000K, 65% used [0x00000000c0000000,0x00000000c2904e58,0x00000000c3e80000)
 Metaspace       used 6166K, capacity 7064K, committed 7424K, reserved 1056768K
  class space    used 614K, capacity 656K, committed 768K, reserved 1048576K
Event: 4.886 GC heap after
Heap after GC invocations=20 (full 0):
 PSYoungGen      total 57856K, used 6624K [0x00000000eab00000, 0x00000000eeb80000, 0x0000000100000000)
  eden space 51200K, 0% used [0x00000000eab00000,0x00000000eab00000,0x00000000edd00000)
  from space 6656K, 99% used [0x00000000ee400000,0x00000000eea78010,0x00000000eea80000)
  to   space 7168K, 0% used [0x00000000edd00000,0x00000000edd00000,0x00000000ee400000)
 ParOldGen       total 64000K, used 51187K [0x00000000c0000000, 0x00000000c3e80000, 0x00000000eab00000)
  object space 64000K, 79% used [0x00000000c0000000,0x00000000c31fcda0,0x00000000c3e80000)
 Metaspace       used 6166K, capacity 7064K, committed 7424K, reserved 1056768K
  class space    used 614K, capacity 656K, committed 768K, reserved 1048576K
}

Deoptimization events (10 events):
Event: 3.081 Thread 0x0000000016806000 Uncommon trap: reason=bimorphic action=maybe_recompile pc=0x0000000002d60384 method=com.android.dx.rop.code.RegisterSpec.withSimpleType()Lcom/android/dx/rop/code/RegisterSpec; @ 21
Event: 3.081 Thread 0x0000000016806000 Uncommon trap: reason=bimorphic action=maybe_recompile pc=0x0000000002d60384 method=com.android.dx.rop.code.RegisterSpec.withSimpleType()Lcom/android/dx/rop/code/RegisterSpec; @ 21
Event: 3.566 Thread 0x0000000002570800 Uncommon trap: reason=unloaded action=reinterpret pc=0x0000000002d32a90 method=com.android.dx.cf.cst.ConstantPoolParser.parse0(ILjava/util/BitSet;)Lcom/android/dx/rop/cst/Constant; @ 220
Event: 3.909 Thread 0x000000001680a000 Uncommon trap: reason=unreached action=reinterpret pc=0x0000000002ac0b1c method=com.android.dx.ssa.SsaMethod.updateOneDefinition(Lcom/android/dx/ssa/SsaInsn;Lcom/android/dx/rop/code/RegisterSpec;)V @ 4
Event: 4.060 Thread 0x0000000016806000 Uncommon trap: reason=bimorphic action=maybe_recompile pc=0x0000000002dd10f4 method=com.android.dx.cf.code.BytecodeArray.parseInstruction(ILcom/android/dx/cf/code/BytecodeArray$Visitor;)I @ 2135
Event: 4.064 Thread 0x0000000016806000 Uncommon trap: reason=bimorphic action=maybe_recompile pc=0x0000000002dd10f4 method=com.android.dx.cf.code.BytecodeArray.parseInstruction(ILcom/android/dx/cf/code/BytecodeArray$Visitor;)I @ 2135
Event: 4.820 Thread 0x0000000016806000 Uncommon trap: reason=bimorphic action=maybe_recompile pc=0x0000000002e79518 method=com.android.dx.ssa.LiteralOpUpgrader.tryReplacingWithConstant(Lcom/android/dx/ssa/NormalSsaInsn;)Z @ 62
Event: 4.822 Thread 0x0000000016858800 Uncommon trap: reason=bimorphic action=maybe_recompile pc=0x0000000002e79518 method=com.android.dx.ssa.LiteralOpUpgrader.tryReplacingWithConstant(Lcom/android/dx/ssa/NormalSsaInsn;)Z @ 62
Event: 4.887 Thread 0x0000000016809000 Uncommon trap: reason=unreached action=reinterpret pc=0x0000000002dfe5cc method=com.android.dx.rop.code.LocalItem.compareHandlesNulls(Lcom/android/dx/rop/cst/CstString;Lcom/android/dx/rop/cst/CstString;)I @ 8
Event: 4.902 Thread 0x0000000016809000 Uncommon trap: reason=unreached action=reinterpret pc=0x0000000002e655e0 method=com.android.dx.rop.code.LocalItem.compareHandlesNulls(Lcom/android/dx/rop/cst/CstString;Lcom/android/dx/rop/cst/CstString;)I @ 8

Internal exceptions (10 events):
Event: 1.149 Thread 0x000000001680a000 Exception <a 'java/security/PrivilegedActionException'> (0x00000000eafed0f0) thrown at [C:\re\workspace\8-2-build-windows-amd64-cygwin\jdk8u11\648\hotspot\src\share\vm\prims\jvm.cpp, line 1248]
Event: 1.561 Thread 0x0000000002570800 Exception <a 'java/security/PrivilegedActionException'> (0x00000000eae109f8) thrown at [C:\re\workspace\8-2-build-windows-amd64-cygwin\jdk8u11\648\hotspot\src\share\vm\prims\jvm.cpp, line 1248]
Event: 2.557 Thread 0x000000001680a000 Exception <a 'java/security/PrivilegedActionException'> (0x00000000ead08ab0) thrown at [C:\re\workspace\8-2-build-windows-amd64-cygwin\jdk8u11\648\hotspot\src\share\vm\prims\jvm.cpp, line 1248]
Event: 2.557 Thread 0x0000000016809000 Exception <a 'java/security/PrivilegedActionException'> (0x00000000eafce688) thrown at [C:\re\workspace\8-2-build-windows-amd64-cygwin\jdk8u11\648\hotspot\src\share\vm\prims\jvm.cpp, line 1248]
Event: 2.766 Thread 0x0000000002570800 Exception <a 'java/lang/ArrayIndexOutOfBoundsException': 18> (0x00000000ecaf4b88) thrown at [C:\re\workspace\8-2-build-windows-amd64-cygwin\jdk8u11\648\hotspot\src\share\vm\interpreter\interpreterRuntime.cpp, line 337]
Event: 2.766 Thread 0x0000000002570800 Exception <a 'java/lang/ArrayIndexOutOfBoundsException': 145> (0x00000000ecaf6620) thrown at [C:\re\workspace\8-2-build-windows-amd64-cygwin\jdk8u11\648\hotspot\src\share\vm\interpreter\interpreterRuntime.cpp, line 337]
Event: 2.767 Thread 0x0000000002570800 Exception <a 'java/lang/ArrayIndexOutOfBoundsException'> (0x00000000ecaf7838) thrown at [C:\re\workspace\8-2-build-windows-amd64-cygwin\jdk8u11\648\hotspot\src\share\vm\runtime\sharedRuntime.cpp, line 595]
Event: 3.908 Thread 0x000000001680a000 Exception <a 'java/security/PrivilegedActionException'> (0x00000000edcc0900) thrown at [C:\re\workspace\8-2-build-windows-amd64-cygwin\jdk8u11\648\hotspot\src\share\vm\prims\jvm.cpp, line 1248]
Event: 4.887 Thread 0x0000000016809000 Implicit null exception at 0x0000000002dfb840 to 0x0000000002dfe5bd
Event: 4.902 Thread 0x0000000016809000 Implicit null exception at 0x0000000002e638d5 to 0x0000000002e655bd

Events (10 events):
Event: 4.902 Thread 0x0000000016809000 Uncommon trap: trap_request=0xffffffad fr.pc=0x0000000002e655e0
Event: 4.902 Thread 0x0000000016809000 DEOPT PACKING pc=0x0000000002e655e0 sp=0x000000001788e410
Event: 4.902 Thread 0x0000000016809000 DEOPT UNPACKING pc=0x00000000026b55af sp=0x000000001788e208 mode 2
Event: 5.384 loading class java/util/HashMap$KeySet
Event: 5.384 loading class java/util/HashMap$KeySet done
Event: 5.384 loading class java/util/HashMap$KeyIterator
Event: 5.384 loading class java/util/HashMap$KeyIterator done
Event: 5.385 Thread 0x0000000016809000 Thread exited: 0x0000000016809000
Event: 5.385 Thread 0x0000000016858800 Thread exited: 0x0000000016858800
Event: 5.386 Thread 0x0000000016806000 Thread exited: 0x0000000016806000


Dynamic libraries:
0x00007ff76aa90000 - 0x00007ff76aac4000 	C:\Program Files\Java\jdk1.8.0_11\bin\java.exe
0x00007ffefaf80000 - 0x00007ffefb151000 	C:\WINDOWS\SYSTEM32\ntdll.dll
0x00007ffef88c0000 - 0x00007ffef896b000 	C:\WINDOWS\System32\KERNEL32.DLL
0x00007ffef7a90000 - 0x00007ffef7cad000 	C:\WINDOWS\System32\KERNELBASE.dll
0x00007ffef8580000 - 0x00007ffef8622000 	C:\WINDOWS\System32\ADVAPI32.dll
0x00007ffefa740000 - 0x00007ffefa7de000 	C:\WINDOWS\System32\msvcrt.dll
0x00007ffefa640000 - 0x00007ffefa699000 	C:\WINDOWS\System32\sechost.dll
0x00007ffeface0000 - 0x00007ffefae01000 	C:\WINDOWS\System32\RPCRT4.dll
0x00007ffef8970000 - 0x00007ffef8ad5000 	C:\WINDOWS\System32\USER32.dll
0x00007ffef84a0000 - 0x00007ffef84be000 	C:\WINDOWS\System32\win32u.dll
0x00007ffef9ff0000 - 0x00007ffefa024000 	C:\WINDOWS\System32\GDI32.dll
0x00007ffef7900000 - 0x00007ffef7a82000 	C:\WINDOWS\System32\gdi32full.dll
0x00007ffef37d0000 - 0x00007ffef3a49000 	C:\WINDOWS\WinSxS\amd64_microsoft.windows.common-controls_6595b64144ccf1df_6.0.14393.447_none_42191651c6827bb3\COMCTL32.dll
0x00007ffefa7e0000 - 0x00007ffefaaa8000 	C:\WINDOWS\System32\combase.dll
0x00007ffef7580000 - 0x00007ffef7675000 	C:\WINDOWS\System32\ucrtbase.dll
0x00007ffef8390000 - 0x00007ffef83fa000 	C:\WINDOWS\System32\bcryptPrimitives.dll
0x00007ffefabf0000 - 0x00007ffefac1e000 	C:\WINDOWS\System32\IMM32.DLL
0x0000000053260000 - 0x0000000053332000 	C:\Program Files\Java\jdk1.8.0_11\jre\bin\msvcr100.dll
0x00000000534e0000 - 0x0000000053d0a000 	C:\Program Files\Java\jdk1.8.0_11\jre\bin\server\jvm.dll
0x00007ffef8570000 - 0x00007ffef8578000 	C:\WINDOWS\System32\PSAPI.DLL
0x00007ffef5960000 - 0x00007ffef5969000 	C:\WINDOWS\SYSTEM32\WSOCK32.dll
0x00007ffefaf10000 - 0x00007ffefaf7a000 	C:\WINDOWS\System32\WS2_32.dll
0x00007ffef58f0000 - 0x00007ffef5913000 	C:\WINDOWS\SYSTEM32\WINMM.dll
0x00007ffef58c0000 - 0x00007ffef58eb000 	C:\WINDOWS\SYSTEM32\WINMMBASE.dll
0x00007ffef84c0000 - 0x00007ffef8502000 	C:\WINDOWS\System32\cfgmgr32.dll
0x00000000547f0000 - 0x00000000547ff000 	C:\Program Files\Java\jdk1.8.0_11\jre\bin\verify.dll
0x0000000054450000 - 0x0000000054478000 	C:\Program Files\Java\jdk1.8.0_11\jre\bin\java.dll
0x00000000547d0000 - 0x00000000547e6000 	C:\Program Files\Java\jdk1.8.0_11\jre\bin\zip.dll
0x00007ffef8ae0000 - 0x00007ffef9fe9000 	C:\WINDOWS\System32\SHELL32.dll
0x00007ffef7cb0000 - 0x00007ffef838a000 	C:\WINDOWS\System32\windows.storage.dll
0x00007ffef73f0000 - 0x00007ffef743c000 	C:\WINDOWS\System32\powrprof.dll
0x00007ffefa5e0000 - 0x00007ffefa632000 	C:\WINDOWS\System32\shlwapi.dll
0x00007ffef73e0000 - 0x00007ffef73ef000 	C:\WINDOWS\System32\kernel.appcore.dll
0x00007ffef7470000 - 0x00007ffef7519000 	C:\WINDOWS\System32\shcore.dll
0x00007ffef7440000 - 0x00007ffef7454000 	C:\WINDOWS\System32\profapi.dll
0x00007ffee9250000 - 0x00007ffee93e2000 	C:\WINDOWS\SYSTEM32\dbghelp.dll

VM Arguments:
jvm_args: -Djava.awt.headless=true -Xmx1024M -Dfile.encoding=windows-1252 -Duser.country=US -Duser.language=en -Duser.variant 
java_command: com.android.dx.command.Main --dex --num-threads=4 --output G:\APK\TugasAkhir1.2\app\build\intermediates\pre-dexed\debug\rxjava-1.1.6_e074121dfa57cfbf2ad92ebad1b8fb46f7a62aa6.jar C:\Users\Rido\.gradle\caches\modules-2\files-2.1\io.reactivex\rxjava\1.1.6\2586312cd2b8a511e4c6236736f5a039fc0f2273\rxjava-1.1.6.jar
java_class_path (initial): C:\Users\Rido\AppData\Local\Android\sdk\build-tools\24.0.3\lib\dx.jar
Launcher Type: SUN_STANDARD

Environment Variables:
PATH=C:\WINDOWS\system32;C:\WINDOWS;C:\WINDOWS\System32\Wbem;C:\WINDOWS\System32\WindowsPowerShell\v1.0\;C:\Program Files\Java\jdk1.8.0_11\bin;C:\xampp\php;C:\Program Files (x86)\Microsoft SQL Server\100\Tools\Binn\;C:\Program Files\Microsoft SQL Server\100\Tools\Binn\;C:\Program Files\Microsoft SQL Server\100\DTS\Binn\;C:\Program Files (x86)\Microsoft SQL Server\100\Tools\Binn\VSShell\Common7\IDE\;C:\Program Files (x86)\Microsoft SQL Server\100\DTS\Binn\;C:\OpenSSL-Win64\bin\openssl.cfg;C:\Program Files (x86)\GNU\GnuPG\pub;C:\Program Files\Git\cmd;C:\ProgramData\ComposerSetup\bin;C:\WINDOWS\system32;C:\WINDOWS;C:\WINDOWS\System32\Wbem;C:\WINDOWS\System32\WindowsPowerShell\v1.0\;C:\Program Files\Java\jdk1.8.0_11\bin;C:\Users\Rido\AppData\Local\Microsoft\WindowsApps;C:\Users\Rido\AppData\Roaming\Composer\vendor\bin
USERNAME=1312100999
OS=Windows_NT
PROCESSOR_IDENTIFIER=Intel64 Family 6 Model 58 Stepping 9, GenuineIntel



---------------  S Y S T E M  ---------------

OS: Windows 8.1 , 64 bit Build 9600 

CPU:total 4 (2 cores per cpu, 2 threads per core) family 6 model 58 stepping 9, cmov, cx8, fxsr, mmx, sse, sse2, sse3, ssse3, sse4.1, sse4.2, popcnt, avx, clmul, erms, ht, tsc, tscinvbit

Memory: 4k page, physical 4089620k(493032k free), swap 5531412k(5548k free)

vm_info: Java HotSpot(TM) 64-Bit Server VM (25.11-b03) for windows-amd64 JRE (1.8.0_11-b12), built on Jun 16 2014 20:57:32 by "java_re" with MS VC++ 10.0 (VS2010)

time: Thu Jan 26 09:26:19 2017
elapsed time: 5 seconds

