#
# There is insufficient memory for the Java Runtime Environment to continue.
# Native memory allocation (malloc) failed to allocate 844496 bytes for Chunk::new
# Possible reasons:
#   The system is out of physical RAM or swap space
#   In 32 bit mode, the process size limit was hit
# Possible solutions:
#   Reduce memory load on the system
#   Increase physical memory or swap space
#   Check if swap backing store is full
#   Use 64 bit Java on a 64 bit OS
#   Decrease Java heap size (-Xmx/-Xms)
#   Decrease number of Java threads
#   Decrease Java thread stack sizes (-Xss)
#   Set larger code cache with -XX:ReservedCodeCacheSize=
# This output file may be truncated or incomplete.
#
#  Out of Memory Error (allocation.cpp:388), pid=7868, tid=4284
#
# JRE version: Java(TM) SE Runtime Environment (8.0_11-b12) (build 1.8.0_11-b12)
# Java VM: Java HotSpot(TM) 64-Bit Server VM (25.11-b03 mixed mode windows-amd64 compressed oops)
# Failed to write core dump. Minidumps are not enabled by default on client versions of Windows
#

---------------  T H R E A D  ---------------

Current thread (0x000000001551c000):  JavaThread "C2 CompilerThread0" daemon [_thread_in_native, id=4284, stack(0x0000000016a80000,0x0000000016b80000)]

Stack: [0x0000000016a80000,0x0000000016b80000]
[error occurred during error reporting (printing stack bounds), id 0xc0000005]

Native frames: (J=compiled Java code, j=interpreted, Vv=VM code, C=native code)
V  [jvm.dll+0x308eca]
V  [jvm.dll+0x25e121]
V  [jvm.dll+0x25ed33]
V  [jvm.dll+0x277366]
V  [jvm.dll+0x27aea3]
V  [jvm.dll+0x59682f]
C  [msvcr100.dll+0x712e3]
V  [jvm.dll+0x595f4d]
C  [ntdll.dll+0xaab9d]
C  [ntdll.dll+0x49913]
C  [ntdll.dll+0xa9cba]
V  [jvm.dll+0x1fdfe1]


Current CompileTask:
C2:   4436 1218       4       com.android.dx.ssa.SCCP::simulateStmt (481 bytes)


---------------  P R O C E S S  ---------------

Java Threads: ( => current thread )
  0x00000000172c4800 JavaThread "pool-1-thread-4" [_thread_in_Java, id=3872, stack(0x0000000017f80000,0x0000000018080000)]
  0x00000000172c1000 JavaThread "pool-1-thread-3" [_thread_blocked, id=864, stack(0x0000000017e80000,0x0000000017f80000)]
  0x00000000172be800 JavaThread "pool-1-thread-2" [_thread_blocked, id=9820, stack(0x0000000017d80000,0x0000000017e80000)]
  0x00000000171ce000 JavaThread "pool-2-thread-1" [_thread_blocked, id=10384, stack(0x0000000017c80000,0x0000000017d80000)]
  0x00000000171cc800 JavaThread "pool-1-thread-1" [_thread_blocked, id=5136, stack(0x0000000017b80000,0x0000000017c80000)]
  0x000000001557a800 JavaThread "Service Thread" daemon [_thread_blocked, id=6984, stack(0x0000000016d80000,0x0000000016e80000)]
  0x0000000015573000 JavaThread "C1 CompilerThread2" daemon [_thread_blocked, id=10260, stack(0x0000000016c80000,0x0000000016d80000)]
  0x0000000015568800 JavaThread "C2 CompilerThread1" daemon [_thread_blocked, id=9500, stack(0x0000000016b80000,0x0000000016c80000)]
=>0x000000001551c000 JavaThread "C2 CompilerThread0" daemon [_thread_in_native, id=4284, stack(0x0000000016a80000,0x0000000016b80000)]
  0x000000001551a800 JavaThread "Attach Listener" daemon [_thread_blocked, id=9576, stack(0x0000000016980000,0x0000000016a80000)]
  0x0000000015519800 JavaThread "Signal Dispatcher" daemon [_thread_blocked, id=9544, stack(0x0000000016880000,0x0000000016980000)]
  0x0000000002e3e000 JavaThread "Finalizer" daemon [_thread_blocked, id=8032, stack(0x0000000016780000,0x0000000016880000)]
  0x0000000002e38800 JavaThread "Reference Handler" daemon [_thread_blocked, id=4384, stack(0x0000000016680000,0x0000000016780000)]
  0x0000000002d50800 JavaThread "main" [_thread_in_vm, id=7192, stack(0x0000000002c50000,0x0000000002d50000)]

Other Threads:
  0x00000000154e5800 VMThread [stack: 0x0000000016580000,0x0000000016680000] [id=10308]
  0x000000001557d000 WatcherThread [stack: 0x0000000016e80000,0x0000000016f80000] [id=9860]

VM state:not at safepoint (normal execution)

VM Mutex/Monitor currently owned by a thread: None

Heap:
 PSYoungGen      total 14848K, used 8180K [0x00000000eab00000, 0x00000000ebd00000, 0x0000000100000000)
  eden space 12800K, 48% used [0x00000000eab00000,0x00000000eb100898,0x00000000eb780000)
  from space 2048K, 99% used [0x00000000eba00000,0x00000000ebbfcb48,0x00000000ebc00000)
  to   space 2560K, 0% used [0x00000000eb780000,0x00000000eb780000,0x00000000eba00000)
 ParOldGen       total 64000K, used 3061K [0x00000000c0000000, 0x00000000c3e80000, 0x00000000eab00000)
  object space 64000K, 4% used [0x00000000c0000000,0x00000000c02fd440,0x00000000c3e80000)
 Metaspace       used 5742K, capacity 6768K, committed 7040K, reserved 1056768K
  class space    used 595K, capacity 616K, committed 640K, reserved 1048576K

Card table byte_map: [0x0000000012210000,0x0000000012420000] byte_map_base: 0x0000000011c10000

Marking Bits: (ParMarkBitMap*) 0x0000000053c912b0
 Begin Bits: [0x0000000012980000, 0x0000000013980000)
 End Bits:   [0x0000000013980000, 0x0000000014980000)

Polling page: 0x0000000002b10000

CodeCache: size=245760Kb used=4715Kb max_used=4727Kb free=241045Kb
 bounds [0x0000000002e50000, 0x0000000003300000, 0x0000000011e50000]
 total_blobs=1489 nmethods=1225 adapters=178
 compilation: enabled

Compilation events (10 events):
Event: 4.394 Thread 0x0000000015568800 1248       4       com.android.dx.rop.cst.CstString::compareTo0 (15 bytes)
Event: 4.395 Thread 0x0000000015568800 nmethod 1248 0x00000000032eb090 code [0x00000000032eb1e0, 0x00000000032eb358]
Event: 4.396 Thread 0x0000000015573000 1249       3       com.android.dx.ssa.LocalVariableInfo::addAssignment (43 bytes)
Event: 4.397 Thread 0x0000000015573000 nmethod 1249 0x00000000032ec410 code [0x00000000032ec5e0, 0x00000000032ecd08]
Event: 4.397 Thread 0x0000000015573000 1250       3       com.android.dx.rop.code.LocalItem::compareTo (9 bytes)
Event: 4.398 Thread 0x0000000015573000 nmethod 1250 0x00000000032ee490 code [0x00000000032ee640, 0x00000000032eed18]
Event: 4.400 Thread 0x0000000015573000 1251       1       com.android.dx.rop.cst.CstInteger::getType (4 bytes)
Event: 4.400 Thread 0x0000000015573000 nmethod 1251 0x00000000032eadd0 code [0x00000000032eaf20, 0x00000000032eb030]
Event: 4.400 Thread 0x0000000015568800 1252       4       com.android.dx.ssa.SsaBasicBlock::forEachPhiInsn (54 bytes)
Event: 4.408 Thread 0x0000000015568800 nmethod 1252 0x00000000032ed9d0 code [0x00000000032edb40, 0x00000000032edf48]

GC Heap History (10 events):
Event: 2.063 GC heap before
{Heap before GC invocations=6 (full 0):
 PSYoungGen      total 2560K, used 2560K [0x00000000eab00000, 0x00000000eb100000, 0x0000000100000000)
  eden space 2048K, 100% used [0x00000000eab00000,0x00000000ead00000,0x00000000ead00000)
  from space 512K, 100% used [0x00000000ead00000,0x00000000ead80000,0x00000000ead80000)
  to   space 1024K, 0% used [0x00000000eb000000,0x00000000eb000000,0x00000000eb100000)
 ParOldGen       total 64000K, used 507K [0x00000000c0000000, 0x00000000c3e80000, 0x00000000eab00000)
  object space 64000K, 0% used [0x00000000c0000000,0x00000000c007ef00,0x00000000c3e80000)
 Metaspace       used 3483K, capacity 4720K, committed 4864K, reserved 1056768K
  class space    used 378K, capacity 424K, committed 512K, reserved 1048576K
Event: 2.177 GC heap after
Heap after GC invocations=6 (full 0):
 PSYoungGen      total 5120K, used 512K [0x00000000eab00000, 0x00000000eb100000, 0x0000000100000000)
  eden space 4096K, 0% used [0x00000000eab00000,0x00000000eab00000,0x00000000eaf00000)
  from space 1024K, 50% used [0x00000000eb000000,0x00000000eb080000,0x00000000eb100000)
  to   space 1024K, 0% used [0x00000000eaf00000,0x00000000eaf00000,0x00000000eb000000)
 ParOldGen       total 64000K, used 507K [0x00000000c0000000, 0x00000000c3e80000, 0x00000000eab00000)
  object space 64000K, 0% used [0x00000000c0000000,0x00000000c007ef00,0x00000000c3e80000)
 Metaspace       used 3483K, capacity 4720K, committed 4864K, reserved 1056768K
  class space    used 378K, capacity 424K, committed 512K, reserved 1048576K
}
Event: 2.207 GC heap before
{Heap before GC invocations=7 (full 0):
 PSYoungGen      total 5120K, used 4608K [0x00000000eab00000, 0x00000000eb100000, 0x0000000100000000)
  eden space 4096K, 100% used [0x00000000eab00000,0x00000000eaf00000,0x00000000eaf00000)
  from space 1024K, 50% used [0x00000000eb000000,0x00000000eb080000,0x00000000eb100000)
  to   space 1024K, 0% used [0x00000000eaf00000,0x00000000eaf00000,0x00000000eb000000)
 ParOldGen       total 64000K, used 507K [0x00000000c0000000, 0x00000000c3e80000, 0x00000000eab00000)
  object space 64000K, 0% used [0x00000000c0000000,0x00000000c007ef00,0x00000000c3e80000)
 Metaspace       used 3483K, capacity 4720K, committed 4864K, reserved 1056768K
  class space    used 378K, capacity 424K, committed 512K, reserved 1048576K
Event: 2.258 GC heap after
Heap after GC invocations=7 (full 0):
 PSYoungGen      total 5120K, used 272K [0x00000000eab00000, 0x00000000eb500000, 0x0000000100000000)
  eden space 4096K, 0% used [0x00000000eab00000,0x00000000eab00000,0x00000000eaf00000)
  from space 1024K, 26% used [0x00000000eaf00000,0x00000000eaf44010,0x00000000eb000000)
  to   space 1024K, 0% used [0x00000000eb400000,0x00000000eb400000,0x00000000eb500000)
 ParOldGen       total 64000K, used 751K [0x00000000c0000000, 0x00000000c3e80000, 0x00000000eab00000)
  object space 64000K, 1% used [0x00000000c0000000,0x00000000c00bbfa8,0x00000000c3e80000)
 Metaspace       used 3483K, capacity 4720K, committed 4864K, reserved 1056768K
  class space    used 378K, capacity 424K, committed 512K, reserved 1048576K
}
Event: 2.372 GC heap before
{Heap before GC invocations=8 (full 0):
 PSYoungGen      total 5120K, used 4368K [0x00000000eab00000, 0x00000000eb500000, 0x0000000100000000)
  eden space 4096K, 100% used [0x00000000eab00000,0x00000000eaf00000,0x00000000eaf00000)
  from space 1024K, 26% used [0x00000000eaf00000,0x00000000eaf44010,0x00000000eb000000)
  to   space 1024K, 0% used [0x00000000eb400000,0x00000000eb400000,0x00000000eb500000)
 ParOldGen       total 64000K, used 751K [0x00000000c0000000, 0x00000000c3e80000, 0x00000000eab00000)
  object space 64000K, 1% used [0x00000000c0000000,0x00000000c00bbfa8,0x00000000c3e80000)
 Metaspace       used 3708K, capacity 4944K, committed 5120K, reserved 1056768K
  class space    used 411K, capacity 456K, committed 512K, reserved 1048576K
Event: 2.392 GC heap after
Heap after GC invocations=8 (full 0):
 PSYoungGen      total 9216K, used 327K [0x00000000eab00000, 0x00000000eb500000, 0x0000000100000000)
  eden space 8192K, 0% used [0x00000000eab00000,0x00000000eab00000,0x00000000eb300000)
  from space 1024K, 31% used [0x00000000eb400000,0x00000000eb451c50,0x00000000eb500000)
  to   space 1024K, 0% used [0x00000000eb300000,0x00000000eb300000,0x00000000eb400000)
 ParOldGen       total 64000K, used 1007K [0x00000000c0000000, 0x00000000c3e80000, 0x00000000eab00000)
  object space 64000K, 1% used [0x00000000c0000000,0x00000000c00fbfc8,0x00000000c3e80000)
 Metaspace       used 3708K, capacity 4944K, committed 5120K, reserved 1056768K
  class space    used 411K, capacity 456K, committed 512K, reserved 1048576K
}
Event: 3.176 GC heap before
{Heap before GC invocations=9 (full 0):
 PSYoungGen      total 9216K, used 8519K [0x00000000eab00000, 0x00000000eb500000, 0x0000000100000000)
  eden space 8192K, 100% used [0x00000000eab00000,0x00000000eb300000,0x00000000eb300000)
  from space 1024K, 31% used [0x00000000eb400000,0x00000000eb451c50,0x00000000eb500000)
  to   space 1024K, 0% used [0x00000000eb300000,0x00000000eb300000,0x00000000eb400000)
 ParOldGen       total 64000K, used 1007K [0x00000000c0000000, 0x00000000c3e80000, 0x00000000eab00000)
  object space 64000K, 1% used [0x00000000c0000000,0x00000000c00fbfc8,0x00000000c3e80000)
 Metaspace       used 5420K, capacity 6448K, committed 6528K, reserved 1056768K
  class space    used 591K, capacity 616K, committed 640K, reserved 1048576K
Event: 3.194 GC heap after
Heap after GC invocations=9 (full 0):
 PSYoungGen      total 9216K, used 1018K [0x00000000eab00000, 0x00000000ebc00000, 0x0000000100000000)
  eden space 8192K, 0% used [0x00000000eab00000,0x00000000eab00000,0x00000000eb300000)
  from space 1024K, 99% used [0x00000000eb300000,0x00000000eb3fea80,0x00000000eb400000)
  to   space 2048K, 0% used [0x00000000eba00000,0x00000000eba00000,0x00000000ebc00000)
 ParOldGen       total 64000K, used 2543K [0x00000000c0000000, 0x00000000c3e80000, 0x00000000eab00000)
  object space 64000K, 3% used [0x00000000c0000000,0x00000000c027bea0,0x00000000c3e80000)
 Metaspace       used 5420K, capacity 6448K, committed 6528K, reserved 1056768K
  class space    used 591K, capacity 616K, committed 640K, reserved 1048576K
}
Event: 3.757 GC heap before
{Heap before GC invocations=10 (full 0):
 PSYoungGen      total 9216K, used 9210K [0x00000000eab00000, 0x00000000ebc00000, 0x0000000100000000)
  eden space 8192K, 100% used [0x00000000eab00000,0x00000000eb300000,0x00000000eb300000)
  from space 1024K, 99% used [0x00000000eb300000,0x00000000eb3fea80,0x00000000eb400000)
  to   space 2048K, 0% used [0x00000000eba00000,0x00000000eba00000,0x00000000ebc00000)
 ParOldGen       total 64000K, used 2543K [0x00000000c0000000, 0x00000000c3e80000, 0x00000000eab00000)
  object space 64000K, 3% used [0x00000000c0000000,0x00000000c027bea0,0x00000000c3e80000)
 Metaspace       used 5682K, capacity 6704K, committed 6784K, reserved 1056768K
  class space    used 595K, capacity 616K, committed 640K, reserved 1048576K
Event: 3.779 GC heap after
Heap after GC invocations=10 (full 0):
 PSYoungGen      total 14848K, used 2034K [0x00000000eab00000, 0x00000000ebd00000, 0x0000000100000000)
  eden space 12800K, 0% used [0x00000000eab00000,0x00000000eab00000,0x00000000eb780000)
  from space 2048K, 99% used [0x00000000eba00000,0x00000000ebbfcb48,0x00000000ebc00000)
  to   space 2560K, 0% used [0x00000000eb780000,0x00000000eb780000,0x00000000eba00000)
 ParOldGen       total 64000K, used 3061K [0x00000000c0000000, 0x00000000c3e80000, 0x00000000eab00000)
  object space 64000K, 4% used [0x00000000c0000000,0x00000000c02fd440,0x00000000c3e80000)
 Metaspace       used 5682K, capacity 6704K, committed 6784K, reserved 1056768K
  class space    used 595K, capacity 616K, committed 640K, reserved 1048576K
}

Deoptimization events (7 events):
Event: 3.287 Thread 0x00000000172c1000 Uncommon trap: reason=class_check action=maybe_recompile pc=0x00000000030e4c4c method=com.android.dx.ssa.NormalSsaInsn.accept(Lcom/android/dx/ssa/SsaInsn$Visitor;)V @ 9
Event: 3.287 Thread 0x00000000172c1000 Uncommon trap: reason=class_check action=maybe_recompile pc=0x00000000030def70 method=com.android.dx.ssa.NormalSsaInsn.accept(Lcom/android/dx/ssa/SsaInsn$Visitor;)V @ 9
Event: 3.287 Thread 0x00000000172c1000 Uncommon trap: reason=class_check action=maybe_recompile pc=0x00000000030def70 method=com.android.dx.ssa.NormalSsaInsn.accept(Lcom/android/dx/ssa/SsaInsn$Visitor;)V @ 9
Event: 3.287 Thread 0x00000000172c1000 Uncommon trap: reason=class_check action=maybe_recompile pc=0x00000000030def70 method=com.android.dx.ssa.NormalSsaInsn.accept(Lcom/android/dx/ssa/SsaInsn$Visitor;)V @ 9
Event: 3.301 Thread 0x00000000172c1000 Uncommon trap: reason=class_check action=maybe_recompile pc=0x00000000030e4c4c method=com.android.dx.ssa.NormalSsaInsn.accept(Lcom/android/dx/ssa/SsaInsn$Visitor;)V @ 9
Event: 3.613 Thread 0x00000000172be800 Uncommon trap: reason=class_check action=maybe_recompile pc=0x00000000031711e0 method=com.android.dx.rop.type.Type.equals(Ljava/lang/Object;)Z @ 8
Event: 3.743 Thread 0x00000000172be800 Uncommon trap: reason=null_check action=make_not_entrant pc=0x00000000031711f0 method=com.android.dx.rop.type.Type.equals(Ljava/lang/Object;)Z @ 8

Internal exceptions (10 events):
Event: 3.099 Thread 0x00000000172be800 Exception <a 'java/security/PrivilegedActionException'> (0x00000000eb259398) thrown at [C:\re\workspace\8-2-build-windows-amd64-cygwin\jdk8u11\648\hotspot\src\share\vm\prims\jvm.cpp, line 1248]
Event: 3.101 Thread 0x00000000171cc800 Exception <a 'java/security/PrivilegedActionException'> (0x00000000eb264d90) thrown at [C:\re\workspace\8-2-build-windows-amd64-cygwin\jdk8u11\648\hotspot\src\share\vm\prims\jvm.cpp, line 1248]
Event: 3.102 Thread 0x00000000171cc800 Exception <a 'java/security/PrivilegedActionException'> (0x00000000eb269ed8) thrown at [C:\re\workspace\8-2-build-windows-amd64-cygwin\jdk8u11\648\hotspot\src\share\vm\prims\jvm.cpp, line 1248]
Event: 3.103 Thread 0x00000000171cc800 Exception <a 'java/security/PrivilegedActionException'> (0x00000000eb26fa80) thrown at [C:\re\workspace\8-2-build-windows-amd64-cygwin\jdk8u11\648\hotspot\src\share\vm\prims\jvm.cpp, line 1248]
Event: 3.103 Thread 0x00000000171cc800 Exception <a 'java/security/PrivilegedActionException'> (0x00000000eb289ae8) thrown at [C:\re\workspace\8-2-build-windows-amd64-cygwin\jdk8u11\648\hotspot\src\share\vm\prims\jvm.cpp, line 1248]
Event: 3.111 Thread 0x0000000002d50800 Exception <a 'java/security/PrivilegedActionException'> (0x00000000eb22b660) thrown at [C:\re\workspace\8-2-build-windows-amd64-cygwin\jdk8u11\648\hotspot\src\share\vm\prims\jvm.cpp, line 1248]
Event: 3.112 Thread 0x0000000002d50800 Exception <a 'java/security/PrivilegedActionException'> (0x00000000eb22df08) thrown at [C:\re\workspace\8-2-build-windows-amd64-cygwin\jdk8u11\648\hotspot\src\share\vm\prims\jvm.cpp, line 1248]
Event: 3.339 Thread 0x00000000172c4800 Exception <a 'java/security/PrivilegedActionException'> (0x00000000eaca9f00) thrown at [C:\re\workspace\8-2-build-windows-amd64-cygwin\jdk8u11\648\hotspot\src\share\vm\prims\jvm.cpp, line 1248]
Event: 3.504 Thread 0x00000000172c4800 Exception <a 'java/security/PrivilegedActionException'> (0x00000000eaed7500) thrown at [C:\re\workspace\8-2-build-windows-amd64-cygwin\jdk8u11\648\hotspot\src\share\vm\prims\jvm.cpp, line 1248]
Event: 3.743 Thread 0x00000000172be800 Implicit null exception at 0x00000000031710e2 to 0x00000000031711e1

Events (10 events):
Event: 3.613 Thread 0x00000000172be800 Uncommon trap: trap_request=0xffffffde fr.pc=0x00000000031711e0
Event: 3.613 Thread 0x00000000172be800 DEOPT PACKING pc=0x00000000031711e0 sp=0x0000000017e7e580
Event: 3.613 Thread 0x00000000172be800 DEOPT UNPACKING pc=0x0000000002e955af sp=0x0000000017e7e528 mode 2
Event: 3.694 Executing VM operation: ForceSafepoint
Event: 3.742 Executing VM operation: ForceSafepoint done
Event: 3.743 Thread 0x00000000172be800 Uncommon trap: trap_request=0xfffffff4 fr.pc=0x00000000031711f0
Event: 3.743 Thread 0x00000000172be800 DEOPT PACKING pc=0x00000000031711f0 sp=0x0000000017e7e2f0
Event: 3.743 Thread 0x00000000172be800 DEOPT UNPACKING pc=0x0000000002e955af sp=0x0000000017e7e298 mode 2
Event: 3.757 Executing VM operation: ParallelGCFailedAllocation
Event: 3.779 Executing VM operation: ParallelGCFailedAllocation done


Dynamic libraries:
0x00007ff76aa90000 - 0x00007ff76aac4000 	C:\Program Files\Java\jdk1.8.0_11\bin\java.exe
0x00007ffefaf80000 - 0x00007ffefb151000 	C:\WINDOWS\SYSTEM32\ntdll.dll
0x00007ffef88c0000 - 0x00007ffef896b000 	C:\WINDOWS\System32\KERNEL32.DLL
0x00007ffef7a90000 - 0x00007ffef7cad000 	C:\WINDOWS\System32\KERNELBASE.dll
0x00007ffef8580000 - 0x00007ffef8622000 	C:\WINDOWS\System32\ADVAPI32.dll
0x00007ffefa740000 - 0x00007ffefa7de000 	C:\WINDOWS\System32\msvcrt.dll
0x00007ffefa640000 - 0x00007ffefa699000 	C:\WINDOWS\System32\sechost.dll
0x00007ffeface0000 - 0x00007ffefae01000 	C:\WINDOWS\System32\RPCRT4.dll
0x00007ffef8970000 - 0x00007ffef8ad5000 	C:\WINDOWS\System32\USER32.dll
0x00007ffef84a0000 - 0x00007ffef84be000 	C:\WINDOWS\System32\win32u.dll
0x00007ffef9ff0000 - 0x00007ffefa024000 	C:\WINDOWS\System32\GDI32.dll
0x00007ffef7900000 - 0x00007ffef7a82000 	C:\WINDOWS\System32\gdi32full.dll
0x00007ffef37d0000 - 0x00007ffef3a49000 	C:\WINDOWS\WinSxS\amd64_microsoft.windows.common-controls_6595b64144ccf1df_6.0.14393.447_none_42191651c6827bb3\COMCTL32.dll
0x00007ffefa7e0000 - 0x00007ffefaaa8000 	C:\WINDOWS\System32\combase.dll
0x00007ffef7580000 - 0x00007ffef7675000 	C:\WINDOWS\System32\ucrtbase.dll
0x00007ffef8390000 - 0x00007ffef83fa000 	C:\WINDOWS\System32\bcryptPrimitives.dll
0x00007ffefabf0000 - 0x00007ffefac1e000 	C:\WINDOWS\System32\IMM32.DLL
0x0000000053260000 - 0x0000000053332000 	C:\Program Files\Java\jdk1.8.0_11\jre\bin\msvcr100.dll
0x00000000534e0000 - 0x0000000053d0a000 	C:\Program Files\Java\jdk1.8.0_11\jre\bin\server\jvm.dll
0x00007ffef8570000 - 0x00007ffef8578000 	C:\WINDOWS\System32\PSAPI.DLL
0x00007ffef5960000 - 0x00007ffef5969000 	C:\WINDOWS\SYSTEM32\WSOCK32.dll
0x00007ffefaf10000 - 0x00007ffefaf7a000 	C:\WINDOWS\System32\WS2_32.dll
0x00007ffef58f0000 - 0x00007ffef5913000 	C:\WINDOWS\SYSTEM32\WINMM.dll
0x00007ffef58c0000 - 0x00007ffef58eb000 	C:\WINDOWS\SYSTEM32\WINMMBASE.dll
0x00007ffef84c0000 - 0x00007ffef8502000 	C:\WINDOWS\System32\cfgmgr32.dll
0x00000000547f0000 - 0x00000000547ff000 	C:\Program Files\Java\jdk1.8.0_11\jre\bin\verify.dll
0x0000000054450000 - 0x0000000054478000 	C:\Program Files\Java\jdk1.8.0_11\jre\bin\java.dll
0x00000000547d0000 - 0x00000000547e6000 	C:\Program Files\Java\jdk1.8.0_11\jre\bin\zip.dll
0x00007ffef8ae0000 - 0x00007ffef9fe9000 	C:\WINDOWS\System32\SHELL32.dll
0x00007ffef7cb0000 - 0x00007ffef838a000 	C:\WINDOWS\System32\windows.storage.dll
0x00007ffef73f0000 - 0x00007ffef743c000 	C:\WINDOWS\System32\powrprof.dll
0x00007ffefa5e0000 - 0x00007ffefa632000 	C:\WINDOWS\System32\shlwapi.dll
0x00007ffef73e0000 - 0x00007ffef73ef000 	C:\WINDOWS\System32\kernel.appcore.dll
0x00007ffef7470000 - 0x00007ffef7519000 	C:\WINDOWS\System32\shcore.dll
0x00007ffef7440000 - 0x00007ffef7454000 	C:\WINDOWS\System32\profapi.dll
0x00007ffee9250000 - 0x00007ffee93e2000 	C:\WINDOWS\SYSTEM32\dbghelp.dll

VM Arguments:
jvm_args: -Djava.awt.headless=true -Xmx1024M -Dfile.encoding=windows-1252 -Duser.country=US -Duser.language=en -Duser.variant 
java_command: com.android.dx.command.Main --dex --num-threads=4 --output G:\APK\TugasAkhir1.2\app\build\intermediates\pre-dexed\debug\com.android.support-support-v4-23.4.0_3ad4ba19cee96fa315a950ed9c17120b1e446ea2.jar G:\APK\TugasAkhir1.2\app\build\intermediates\exploded-aar\com.android.support\support-v4\23.4.0\jars\classes.jar
java_class_path (initial): C:\Users\Rido\AppData\Local\Android\sdk\build-tools\24.0.3\lib\dx.jar
Launcher Type: SUN_STANDARD

Environment Variables:
PATH=C:\WINDOWS\system32;C:\WINDOWS;C:\WINDOWS\System32\Wbem;C:\WINDOWS\System32\WindowsPowerShell\v1.0\;C:\Program Files\Java\jdk1.8.0_11\bin;C:\xampp\php;C:\Program Files (x86)\Microsoft SQL Server\100\Tools\Binn\;C:\Program Files\Microsoft SQL Server\100\Tools\Binn\;C:\Program Files\Microsoft SQL Server\100\DTS\Binn\;C:\Program Files (x86)\Microsoft SQL Server\100\Tools\Binn\VSShell\Common7\IDE\;C:\Program Files (x86)\Microsoft SQL Server\100\DTS\Binn\;C:\OpenSSL-Win64\bin\openssl.cfg;C:\Program Files (x86)\GNU\GnuPG\pub;C:\Program Files\Git\cmd;C:\ProgramData\ComposerSetup\bin;C:\WINDOWS\system32;C:\WINDOWS;C:\WINDOWS\System32\Wbem;C:\WINDOWS\System32\WindowsPowerShell\v1.0\;C:\Program Files\Java\jdk1.8.0_11\bin;C:\Users\Rido\AppData\Local\Microsoft\WindowsApps;C:\Users\Rido\AppData\Roaming\Composer\vendor\bin
USERNAME=1312100999
OS=Windows_NT
PROCESSOR_IDENTIFIER=Intel64 Family 6 Model 58 Stepping 9, GenuineIntel



---------------  S Y S T E M  ---------------

OS: Windows 8.1 , 64 bit Build 9600 

CPU:total 4 (2 cores per cpu, 2 threads per core) family 6 model 58 stepping 9, cmov, cx8, fxsr, mmx, sse, sse2, sse3, ssse3, sse4.1, sse4.2, popcnt, avx, clmul, erms, ht, tsc, tscinvbit

Memory: 4k page, physical 4089620k(493032k free), swap 5531412k(5140k free)

vm_info: Java HotSpot(TM) 64-Bit Server VM (25.11-b03) for windows-amd64 JRE (1.8.0_11-b12), built on Jun 16 2014 20:57:32 by "java_re" with MS VC++ 10.0 (VS2010)

time: Thu Jan 26 09:26:19 2017
elapsed time: 4 seconds

