#
# There is insufficient memory for the Java Runtime Environment to continue.
# Native memory allocation (malloc) failed to allocate 1048576 bytes for AllocateHeap
# Possible reasons:
#   The system is out of physical RAM or swap space
#   In 32 bit mode, the process size limit was hit
# Possible solutions:
#   Reduce memory load on the system
#   Increase physical memory or swap space
#   Check if swap backing store is full
#   Use 64 bit Java on a 64 bit OS
#   Decrease Java heap size (-Xmx/-Xms)
#   Decrease number of Java threads
#   Decrease Java thread stack sizes (-Xss)
#   Set larger code cache with -XX:ReservedCodeCacheSize=
# This output file may be truncated or incomplete.
#
#  Out of Memory Error (memory/allocation.inline.hpp:62), pid=3044, tid=9652
#
# JRE version:  (8.0_11-b12) (build )
# Java VM: Java HotSpot(TM) 64-Bit Server VM (25.11-b03 mixed mode windows-amd64 compressed oops)
# Failed to write core dump. Minidumps are not enabled by default on client versions of Windows
#

---------------  T H R E A D  ---------------

Current thread (0x0000000002330800):  JavaThread "Unknown thread" [_thread_in_vm, id=9652, stack(0x0000000002230000,0x0000000002330000)]

Stack: [0x0000000002230000,0x0000000002330000]
Native frames: (J=compiled Java code, j=interpreted, Vv=VM code, C=native code)
V  [jvm.dll+0x308eca]


---------------  P R O C E S S  ---------------

Java Threads: ( => current thread )

Other Threads:

=>0x0000000002330800 (exited) JavaThread "Unknown thread" [_thread_in_vm, id=9652, stack(0x0000000002230000,0x0000000002330000)]

VM state:not at safepoint (normal execution)

VM Mutex/Monitor currently owned by a thread: None

Heap:
 PSYoungGen      total 1024K, used 20K [0x00000000eab00000, 0x00000000eac80000, 0x0000000100000000)
  eden space 512K, 4% used [0x00000000eab00000,0x00000000eab05288,0x00000000eab80000)
  from space 512K, 0% used [0x00000000eac00000,0x00000000eac00000,0x00000000eac80000)
  to   space 512K, 0% used [0x00000000eab80000,0x00000000eab80000,0x00000000eac00000)
 ParOldGen       total 64000K, used 0K [0x00000000c0000000, 0x00000000c3e80000, 0x00000000eab00000)
  object space 64000K, 0% used [0x00000000c0000000,0x00000000c0000000,0x00000000c3e80000)
 Metaspace       used 674K, capacity 4480K, committed 4480K, reserved 1056768K
  class space    used 66K, capacity 384K, committed 384K, reserved 1048576K

Card table byte_map: [0x00000000117f0000,0x0000000011a00000] byte_map_base: 0x00000000111f0000

Marking Bits: (ParMarkBitMap*) 0x0000000053c912b0
 Begin Bits: [0x0000000011f60000, 0x0000000012f60000)
 End Bits:   [0x0000000012f60000, 0x0000000013f60000)

Polling page: 0x0000000000660000

CodeCache: size=245760Kb used=327Kb max_used=327Kb free=245432Kb
 bounds [0x0000000002430000, 0x00000000026a0000, 0x0000000011430000]
 total_blobs=56 nmethods=0 adapters=37
 compilation: enabled

Compilation events (0 events):
No events

GC Heap History (0 events):
No events

Deoptimization events (0 events):
No events

Internal exceptions (0 events):
No events

Events (10 events):
Event: 0.128 loading class java/lang/Short
Event: 0.128 loading class java/lang/Short done
Event: 0.128 loading class java/lang/Integer
Event: 0.129 loading class java/lang/Integer done
Event: 0.129 loading class java/lang/Long
Event: 0.129 loading class java/lang/Long done
Event: 0.130 loading class java/lang/NullPointerException
Event: 0.130 loading class java/lang/NullPointerException done
Event: 0.130 loading class java/lang/ArithmeticException
Event: 0.130 loading class java/lang/ArithmeticException done


Dynamic libraries:
0x00007ff76aa90000 - 0x00007ff76aac4000 	C:\Program Files\Java\jdk1.8.0_11\bin\java.exe
0x00007ffefaf80000 - 0x00007ffefb151000 	C:\WINDOWS\SYSTEM32\ntdll.dll
0x00007ffef88c0000 - 0x00007ffef896b000 	C:\WINDOWS\System32\KERNEL32.DLL
0x00007ffef7a90000 - 0x00007ffef7cad000 	C:\WINDOWS\System32\KERNELBASE.dll
0x00007ffef8580000 - 0x00007ffef8622000 	C:\WINDOWS\System32\ADVAPI32.dll
0x00007ffefa740000 - 0x00007ffefa7de000 	C:\WINDOWS\System32\msvcrt.dll
0x00007ffefa640000 - 0x00007ffefa699000 	C:\WINDOWS\System32\sechost.dll
0x00007ffeface0000 - 0x00007ffefae01000 	C:\WINDOWS\System32\RPCRT4.dll
0x00007ffef8970000 - 0x00007ffef8ad5000 	C:\WINDOWS\System32\USER32.dll
0x00007ffef84a0000 - 0x00007ffef84be000 	C:\WINDOWS\System32\win32u.dll
0x00007ffef9ff0000 - 0x00007ffefa024000 	C:\WINDOWS\System32\GDI32.dll
0x00007ffef7900000 - 0x00007ffef7a82000 	C:\WINDOWS\System32\gdi32full.dll
0x00007ffef37d0000 - 0x00007ffef3a49000 	C:\WINDOWS\WinSxS\amd64_microsoft.windows.common-controls_6595b64144ccf1df_6.0.14393.447_none_42191651c6827bb3\COMCTL32.dll
0x00007ffefa7e0000 - 0x00007ffefaaa8000 	C:\WINDOWS\System32\combase.dll
0x00007ffef7580000 - 0x00007ffef7675000 	C:\WINDOWS\System32\ucrtbase.dll
0x00007ffef8390000 - 0x00007ffef83fa000 	C:\WINDOWS\System32\bcryptPrimitives.dll
0x00007ffefabf0000 - 0x00007ffefac1e000 	C:\WINDOWS\System32\IMM32.DLL
0x0000000053260000 - 0x0000000053332000 	C:\Program Files\Java\jdk1.8.0_11\jre\bin\msvcr100.dll
0x00000000534e0000 - 0x0000000053d0a000 	C:\Program Files\Java\jdk1.8.0_11\jre\bin\server\jvm.dll
0x00007ffef8570000 - 0x00007ffef8578000 	C:\WINDOWS\System32\PSAPI.DLL
0x00007ffef5960000 - 0x00007ffef5969000 	C:\WINDOWS\SYSTEM32\WSOCK32.dll
0x00007ffefaf10000 - 0x00007ffefaf7a000 	C:\WINDOWS\System32\WS2_32.dll
0x00007ffef58f0000 - 0x00007ffef5913000 	C:\WINDOWS\SYSTEM32\WINMM.dll
0x00007ffef58c0000 - 0x00007ffef58eb000 	C:\WINDOWS\SYSTEM32\WINMMBASE.dll
0x00007ffef84c0000 - 0x00007ffef8502000 	C:\WINDOWS\System32\cfgmgr32.dll
0x00000000547f0000 - 0x00000000547ff000 	C:\Program Files\Java\jdk1.8.0_11\jre\bin\verify.dll
0x0000000054450000 - 0x0000000054478000 	C:\Program Files\Java\jdk1.8.0_11\jre\bin\java.dll
0x00000000547d0000 - 0x00000000547e6000 	C:\Program Files\Java\jdk1.8.0_11\jre\bin\zip.dll

VM Arguments:
jvm_args: -Djava.awt.headless=true -Xmx1024M -Dfile.encoding=windows-1252 -Duser.country=US -Duser.language=en -Duser.variant 
java_command: com.android.dx.command.Main --dex --num-threads=4 --output G:\APK\TugasAkhir1.2\app\build\intermediates\pre-dexed\debug\com.android.support-design-23.1.1_ebb0600bb562a6cb92c0193b5e0dc906436e2c0d.jar G:\APK\TugasAkhir1.2\app\build\intermediates\exploded-aar\com.android.support\design\23.1.1\jars\classes.jar
java_class_path (initial): C:\Users\Rido\AppData\Local\Android\sdk\build-tools\24.0.3\lib\dx.jar
Launcher Type: SUN_STANDARD

Environment Variables:
PATH=C:\WINDOWS\system32;C:\WINDOWS;C:\WINDOWS\System32\Wbem;C:\WINDOWS\System32\WindowsPowerShell\v1.0\;C:\Program Files\Java\jdk1.8.0_11\bin;C:\xampp\php;C:\Program Files (x86)\Microsoft SQL Server\100\Tools\Binn\;C:\Program Files\Microsoft SQL Server\100\Tools\Binn\;C:\Program Files\Microsoft SQL Server\100\DTS\Binn\;C:\Program Files (x86)\Microsoft SQL Server\100\Tools\Binn\VSShell\Common7\IDE\;C:\Program Files (x86)\Microsoft SQL Server\100\DTS\Binn\;C:\OpenSSL-Win64\bin\openssl.cfg;C:\Program Files (x86)\GNU\GnuPG\pub;C:\Program Files\Git\cmd;C:\ProgramData\ComposerSetup\bin;C:\WINDOWS\system32;C:\WINDOWS;C:\WINDOWS\System32\Wbem;C:\WINDOWS\System32\WindowsPowerShell\v1.0\;C:\Program Files\Java\jdk1.8.0_11\bin;C:\Users\Rido\AppData\Local\Microsoft\WindowsApps;C:\Users\Rido\AppData\Roaming\Composer\vendor\bin
USERNAME=1312100999
OS=Windows_NT
PROCESSOR_IDENTIFIER=Intel64 Family 6 Model 58 Stepping 9, GenuineIntel



---------------  S Y S T E M  ---------------

OS: Windows 8.1 , 64 bit Build 9600 

CPU:total 4 (2 cores per cpu, 2 threads per core) family 6 model 58 stepping 9, cmov, cx8, fxsr, mmx, sse, sse2, sse3, ssse3, sse4.1, sse4.2, popcnt, avx, clmul, erms, ht, tsc, tscinvbit

Memory: 4k page, physical 4089620k(568700k free), swap 5531412k(232k free)

vm_info: Java HotSpot(TM) 64-Bit Server VM (25.11-b03) for windows-amd64 JRE (1.8.0_11-b12), built on Jun 16 2014 20:57:32 by "java_re" with MS VC++ 10.0 (VS2010)

time: Thu Jan 26 09:26:04 2017
elapsed time: 0 seconds

