#
# There is insufficient memory for the Java Runtime Environment to continue.
# Native memory allocation (malloc) failed to allocate 881696 bytes for Chunk::new
# Possible reasons:
#   The system is out of physical RAM or swap space
#   In 32 bit mode, the process size limit was hit
# Possible solutions:
#   Reduce memory load on the system
#   Increase physical memory or swap space
#   Check if swap backing store is full
#   Use 64 bit Java on a 64 bit OS
#   Decrease Java heap size (-Xmx/-Xms)
#   Decrease number of Java threads
#   Decrease Java thread stack sizes (-Xss)
#   Set larger code cache with -XX:ReservedCodeCacheSize=
# This output file may be truncated or incomplete.
#
#  Out of Memory Error (allocation.cpp:388), pid=10420, tid=4128
#
# JRE version: Java(TM) SE Runtime Environment (8.0_11-b12) (build 1.8.0_11-b12)
# Java VM: Java HotSpot(TM) 64-Bit Server VM (25.11-b03 mixed mode windows-amd64 compressed oops)
# Failed to write core dump. Minidumps are not enabled by default on client versions of Windows
#

---------------  T H R E A D  ---------------

Current thread (0x0000000014fa0000):  JavaThread "C2 CompilerThread1" daemon [_thread_in_native, id=4128, stack(0x0000000016600000,0x0000000016700000)]

Stack: [0x0000000016600000,0x0000000016700000]
Native frames: (J=compiled Java code, j=interpreted, Vv=VM code, C=native code)
V  [jvm.dll+0x308eca]
V  [jvm.dll+0x25e121]
V  [jvm.dll+0x25ed33]
V  [jvm.dll+0x256705]
V  [jvm.dll+0xbd2b5]
V  [jvm.dll+0xbd75c]
V  [jvm.dll+0x44d772]
V  [jvm.dll+0x48e3cf]
V  [jvm.dll+0x44266b]
V  [jvm.dll+0x4439eb]
V  [jvm.dll+0x427722]
V  [jvm.dll+0x96982]
V  [jvm.dll+0x97173]
V  [jvm.dll+0x2234b4]
V  [jvm.dll+0x27bcca]
C  [msvcr100.dll+0x21d9f]
C  [msvcr100.dll+0x21e3b]
C  [KERNEL32.DLL+0x8364]
C  [ntdll.dll+0x670d1]


Current CompileTask:
C2:   5674 1926       4       com.android.dx.ssa.SsaMethod::mapRegisters (87 bytes)


---------------  P R O C E S S  ---------------

Java Threads: ( => current thread )
  0x0000000014fd5800 JavaThread "Service Thread" daemon [_thread_blocked, id=5192, stack(0x0000000016800000,0x0000000016900000)]
  0x0000000014fa3000 JavaThread "C1 CompilerThread2" daemon [_thread_blocked, id=5196, stack(0x0000000016700000,0x0000000016800000)]
=>0x0000000014fa0000 JavaThread "C2 CompilerThread1" daemon [_thread_in_native, id=4128, stack(0x0000000016600000,0x0000000016700000)]
  0x0000000014f9d000 JavaThread "C2 CompilerThread0" daemon [_thread_in_native, id=9232, stack(0x0000000016500000,0x0000000016600000)]
  0x0000000014f9b800 JavaThread "Attach Listener" daemon [_thread_blocked, id=9144, stack(0x0000000016400000,0x0000000016500000)]
  0x0000000014f9a800 JavaThread "Signal Dispatcher" daemon [_thread_blocked, id=1636, stack(0x0000000016300000,0x0000000016400000)]
  0x00000000028be000 JavaThread "Finalizer" daemon [_thread_blocked, id=4288, stack(0x0000000016200000,0x0000000016300000)]
  0x00000000028b8800 JavaThread "Reference Handler" daemon [_thread_blocked, id=6268, stack(0x0000000016100000,0x0000000016200000)]
  0x00000000027d0800 JavaThread "main" [_thread_in_Java, id=7212, stack(0x0000000002650000,0x0000000002750000)]

Other Threads:
  0x0000000014f65800 VMThread [stack: 0x0000000016000000,0x0000000016100000] [id=8344]
  0x0000000014ffd800 WatcherThread [stack: 0x0000000016d00000,0x0000000016e00000] [id=8068]

VM state:not at safepoint (normal execution)

VM Mutex/Monitor currently owned by a thread: None

Heap:
 PSYoungGen      total 75264K, used 31254K [0x00000000eab00000, 0x00000000f1b00000, 0x0000000100000000)
  eden space 63488K, 35% used [0x00000000eab00000,0x00000000ec0f3a38,0x00000000ee900000)
  from space 11776K, 74% used [0x00000000ee900000,0x00000000ef191e40,0x00000000ef480000)
  to   space 12800K, 0% used [0x00000000f0e80000,0x00000000f0e80000,0x00000000f1b00000)
 ParOldGen       total 64000K, used 36760K [0x00000000c0000000, 0x00000000c3e80000, 0x00000000eab00000)
  object space 64000K, 57% used [0x00000000c0000000,0x00000000c23e6210,0x00000000c3e80000)
 Metaspace       used 6398K, capacity 7288K, committed 7424K, reserved 1056768K
  class space    used 635K, capacity 688K, committed 768K, reserved 1048576K

Card table byte_map: [0x0000000011c90000,0x0000000011ea0000] byte_map_base: 0x0000000011690000

Marking Bits: (ParMarkBitMap*) 0x0000000053c912b0
 Begin Bits: [0x0000000012400000, 0x0000000013400000)
 End Bits:   [0x0000000013400000, 0x0000000014400000)

Polling page: 0x0000000000a10000

CodeCache: size=245760Kb used=8050Kb max_used=8050Kb free=237709Kb
 bounds [0x00000000028d0000, 0x00000000030c0000, 0x00000000118d0000]
 total_blobs=2396 nmethods=2131 adapters=178
 compilation: enabled

Compilation events (10 events):
Event: 5.210 Thread 0x0000000014fa3000 1935 %     3       com.android.dx.ssa.back.FirstFitLocalCombiningAllocator::getLocalItemForReg @ 48 (97 bytes)
Event: 5.211 Thread 0x0000000014fa3000 nmethod 1935% 0x000000000300a110 code [0x000000000300a360, 0x000000000300b398]
Event: 5.219 Thread 0x0000000014fa3000 1936       2       com.android.dx.ssa.back.FirstFitLocalCombiningAllocator::ssaSetToSpecs (57 bytes)
Event: 5.220 Thread 0x0000000014fa3000 nmethod 1936 0x0000000003008e90 code [0x0000000003009080, 0x0000000003009818]
Event: 5.225 Thread 0x0000000014fa3000 1937       3       com.android.dx.cf.code.Merger::mergeLocals (122 bytes)
Event: 5.227 Thread 0x0000000014fa3000 nmethod 1937 0x0000000003007090 code [0x0000000003007300, 0x00000000030082e8]
Event: 5.252 Thread 0x0000000014fa3000 1938 %     3       com.android.dx.ssa.SsaRenamer::<init> @ 65 (100 bytes)
Event: 5.253 Thread 0x0000000014fa3000 nmethod 1938% 0x0000000003005e10 code [0x0000000003006000, 0x0000000003006b68]
Event: 5.257 Thread 0x0000000014fa3000 1939       1       com.android.dx.ssa.LiteralOpUpgrader$1::visitPhiInsn (1 bytes)
Event: 5.258 Thread 0x0000000014fa3000 nmethod 1939 0x0000000002fe99d0 code [0x0000000002fe9b20, 0x0000000002fe9c30]

GC Heap History (10 events):
Event: 3.733 GC heap before
{Heap before GC invocations=15 (full 0):
 PSYoungGen      total 34816K, used 33872K [0x00000000eab00000, 0x00000000ed100000, 0x0000000100000000)
  eden space 30720K, 100% used [0x00000000eab00000,0x00000000ec900000,0x00000000ec900000)
  from space 4096K, 76% used [0x00000000ecd00000,0x00000000ed014010,0x00000000ed100000)
  to   space 4096K, 0% used [0x00000000ec900000,0x00000000ec900000,0x00000000ecd00000)
 ParOldGen       total 64000K, used 11326K [0x00000000c0000000, 0x00000000c3e80000, 0x00000000eab00000)
  object space 64000K, 17% used [0x00000000c0000000,0x00000000c0b0fab0,0x00000000c3e80000)
 Metaspace       used 6000K, capacity 6960K, committed 7040K, reserved 1056768K
  class space    used 597K, capacity 616K, committed 640K, reserved 1048576K
Event: 3.750 GC heap after
Heap after GC invocations=15 (full 0):
 PSYoungGen      total 34816K, used 4076K [0x00000000eab00000, 0x00000000ee700000, 0x0000000100000000)
  eden space 30720K, 0% used [0x00000000eab00000,0x00000000eab00000,0x00000000ec900000)
  from space 4096K, 99% used [0x00000000ec900000,0x00000000eccfb0f0,0x00000000ecd00000)
  to   space 6144K, 0% used [0x00000000ee100000,0x00000000ee100000,0x00000000ee700000)
 ParOldGen       total 64000K, used 15019K [0x00000000c0000000, 0x00000000c3e80000, 0x00000000eab00000)
  object space 64000K, 23% used [0x00000000c0000000,0x00000000c0eaadb0,0x00000000c3e80000)
 Metaspace       used 6000K, capacity 6960K, committed 7040K, reserved 1056768K
  class space    used 597K, capacity 616K, committed 640K, reserved 1048576K
}
Event: 3.947 GC heap before
{Heap before GC invocations=16 (full 0):
 PSYoungGen      total 34816K, used 34796K [0x00000000eab00000, 0x00000000ee700000, 0x0000000100000000)
  eden space 30720K, 100% used [0x00000000eab00000,0x00000000ec900000,0x00000000ec900000)
  from space 4096K, 99% used [0x00000000ec900000,0x00000000eccfb0f0,0x00000000ecd00000)
  to   space 6144K, 0% used [0x00000000ee100000,0x00000000ee100000,0x00000000ee700000)
 ParOldGen       total 64000K, used 15019K [0x00000000c0000000, 0x00000000c3e80000, 0x00000000eab00000)
  object space 64000K, 23% used [0x00000000c0000000,0x00000000c0eaadb0,0x00000000c3e80000)
 Metaspace       used 6010K, capacity 6960K, committed 7040K, reserved 1056768K
  class space    used 597K, capacity 616K, committed 640K, reserved 1048576K
Event: 3.969 GC heap after
Heap after GC invocations=16 (full 0):
 PSYoungGen      total 54272K, used 5144K [0x00000000eab00000, 0x00000000ee900000, 0x0000000100000000)
  eden space 48128K, 0% used [0x00000000eab00000,0x00000000eab00000,0x00000000eda00000)
  from space 6144K, 83% used [0x00000000ee100000,0x00000000ee606250,0x00000000ee700000)
  to   space 7168K, 0% used [0x00000000eda00000,0x00000000eda00000,0x00000000ee100000)
 ParOldGen       total 64000K, used 19017K [0x00000000c0000000, 0x00000000c3e80000, 0x00000000eab00000)
  object space 64000K, 29% used [0x00000000c0000000,0x00000000c1292640,0x00000000c3e80000)
 Metaspace       used 6010K, capacity 6960K, committed 7040K, reserved 1056768K
  class space    used 597K, capacity 616K, committed 640K, reserved 1048576K
}
Event: 4.301 GC heap before
{Heap before GC invocations=17 (full 0):
 PSYoungGen      total 54272K, used 53272K [0x00000000eab00000, 0x00000000ee900000, 0x0000000100000000)
  eden space 48128K, 100% used [0x00000000eab00000,0x00000000eda00000,0x00000000eda00000)
  from space 6144K, 83% used [0x00000000ee100000,0x00000000ee606250,0x00000000ee700000)
  to   space 7168K, 0% used [0x00000000eda00000,0x00000000eda00000,0x00000000ee100000)
 ParOldGen       total 64000K, used 19017K [0x00000000c0000000, 0x00000000c3e80000, 0x00000000eab00000)
  object space 64000K, 29% used [0x00000000c0000000,0x00000000c1292640,0x00000000c3e80000)
 Metaspace       used 6107K, capacity 7000K, committed 7168K, reserved 1056768K
  class space    used 617K, capacity 656K, committed 768K, reserved 1048576K
Event: 4.329 GC heap after
Heap after GC invocations=17 (full 0):
 PSYoungGen      total 55296K, used 6262K [0x00000000eab00000, 0x00000000efc00000, 0x0000000100000000)
  eden space 48128K, 0% used [0x00000000eab00000,0x00000000eab00000,0x00000000eda00000)
  from space 7168K, 87% used [0x00000000eda00000,0x00000000ee01d8c0,0x00000000ee100000)
  to   space 7680K, 0% used [0x00000000ef480000,0x00000000ef480000,0x00000000efc00000)
 ParOldGen       total 64000K, used 23287K [0x00000000c0000000, 0x00000000c3e80000, 0x00000000eab00000)
  object space 64000K, 36% used [0x00000000c0000000,0x00000000c16bdd68,0x00000000c3e80000)
 Metaspace       used 6107K, capacity 7000K, committed 7168K, reserved 1056768K
  class space    used 617K, capacity 656K, committed 768K, reserved 1048576K
}
Event: 4.660 GC heap before
{Heap before GC invocations=18 (full 0):
 PSYoungGen      total 55296K, used 54390K [0x00000000eab00000, 0x00000000efc00000, 0x0000000100000000)
  eden space 48128K, 100% used [0x00000000eab00000,0x00000000eda00000,0x00000000eda00000)
  from space 7168K, 87% used [0x00000000eda00000,0x00000000ee01d8c0,0x00000000ee100000)
  to   space 7680K, 0% used [0x00000000ef480000,0x00000000ef480000,0x00000000efc00000)
 ParOldGen       total 64000K, used 23287K [0x00000000c0000000, 0x00000000c3e80000, 0x00000000eab00000)
  object space 64000K, 36% used [0x00000000c0000000,0x00000000c16bdd68,0x00000000c3e80000)
 Metaspace       used 6138K, capacity 7064K, committed 7424K, reserved 1056768K
  class space    used 617K, capacity 656K, committed 768K, reserved 1048576K
Event: 4.690 GC heap after
Heap after GC invocations=18 (full 0):
 PSYoungGen      total 71168K, used 7668K [0x00000000eab00000, 0x00000000f0400000, 0x0000000100000000)
  eden space 63488K, 0% used [0x00000000eab00000,0x00000000eab00000,0x00000000ee900000)
  from space 7680K, 99% used [0x00000000ef480000,0x00000000efbfd038,0x00000000efc00000)
  to   space 11776K, 0% used [0x00000000ee900000,0x00000000ee900000,0x00000000ef480000)
 ParOldGen       total 64000K, used 29800K [0x00000000c0000000, 0x00000000c3e80000, 0x00000000eab00000)
  object space 64000K, 46% used [0x00000000c0000000,0x00000000c1d1a2c8,0x00000000c3e80000)
 Metaspace       used 6138K, capacity 7064K, committed 7424K, reserved 1056768K
  class space    used 617K, capacity 656K, committed 768K, reserved 1048576K
}
Event: 5.082 GC heap before
{Heap before GC invocations=19 (full 0):
 PSYoungGen      total 71168K, used 71156K [0x00000000eab00000, 0x00000000f0400000, 0x0000000100000000)
  eden space 63488K, 100% used [0x00000000eab00000,0x00000000ee900000,0x00000000ee900000)
  from space 7680K, 99% used [0x00000000ef480000,0x00000000efbfd038,0x00000000efc00000)
  to   space 11776K, 0% used [0x00000000ee900000,0x00000000ee900000,0x00000000ef480000)
 ParOldGen       total 64000K, used 29800K [0x00000000c0000000, 0x00000000c3e80000, 0x00000000eab00000)
  object space 64000K, 46% used [0x00000000c0000000,0x00000000c1d1a2c8,0x00000000c3e80000)
 Metaspace       used 6152K, capacity 7064K, committed 7424K, reserved 1056768K
  class space    used 617K, capacity 656K, committed 768K, reserved 1048576K
Event: 5.114 GC heap after
Heap after GC invocations=19 (full 0):
 PSYoungGen      total 75264K, used 8775K [0x00000000eab00000, 0x00000000f1b00000, 0x0000000100000000)
  eden space 63488K, 0% used [0x00000000eab00000,0x00000000eab00000,0x00000000ee900000)
  from space 11776K, 74% used [0x00000000ee900000,0x00000000ef191e40,0x00000000ef480000)
  to   space 12800K, 0% used [0x00000000f0e80000,0x00000000f0e80000,0x00000000f1b00000)
 ParOldGen       total 64000K, used 36760K [0x00000000c0000000, 0x00000000c3e80000, 0x00000000eab00000)
  object space 64000K, 57% used [0x00000000c0000000,0x00000000c23e6210,0x00000000c3e80000)
 Metaspace       used 6152K, capacity 7064K, committed 7424K, reserved 1056768K
  class space    used 617K, capacity 656K, committed 768K, reserved 1048576K
}

Deoptimization events (10 events):
Event: 4.104 Thread 0x0000000016b9f800 Uncommon trap: reason=unreached action=reinterpret pc=0x0000000002b25070 method=java.util.HashMap.getNode(ILjava/lang/Object;)Ljava/util/HashMap$Node; @ 84
Event: 4.145 Thread 0x0000000016bb3800 Uncommon trap: reason=bimorphic action=maybe_recompile pc=0x0000000002f00f44 method=com.android.dx.rop.code.RegisterSpec.withSimpleType()Lcom/android/dx/rop/code/RegisterSpec; @ 21
Event: 4.146 Thread 0x0000000016bb3000 Uncommon trap: reason=bimorphic action=maybe_recompile pc=0x0000000002f28600 method=com.android.dx.ssa.LiteralOpUpgrader.tryReplacingWithConstant(Lcom/android/dx/ssa/NormalSsaInsn;)Z @ 62
Event: 4.278 Thread 0x00000000027d0800 Uncommon trap: reason=bimorphic action=maybe_recompile pc=0x0000000002f820f8 method=com.android.dx.cf.code.BytecodeArray.parseInstruction(ILcom/android/dx/cf/code/BytecodeArray$Visitor;)I @ 971
Event: 4.279 Thread 0x00000000027d0800 Uncommon trap: reason=bimorphic action=maybe_recompile pc=0x0000000002f820f8 method=com.android.dx.cf.code.BytecodeArray.parseInstruction(ILcom/android/dx/cf/code/BytecodeArray$Visitor;)I @ 971
Event: 4.338 Thread 0x0000000016bb3000 Uncommon trap: reason=bimorphic action=maybe_recompile pc=0x0000000002f28600 method=com.android.dx.ssa.LiteralOpUpgrader.tryReplacingWithConstant(Lcom/android/dx/ssa/NormalSsaInsn;)Z @ 62
Event: 4.379 Thread 0x0000000016b9f800 Uncommon trap: reason=unreached action=reinterpret pc=0x0000000002f06ed4 method=com.android.dx.ssa.MoveParamCombiner$1.visitNonMoveInsn(Lcom/android/dx/ssa/NormalSsaInsn;)V @ 27
Event: 4.526 Thread 0x00000000027d0800 Uncommon trap: reason=unreached action=reinterpret pc=0x0000000002dbcc04 method=java.util.HashMap.putVal(ILjava/lang/Object;Ljava/lang/Object;ZZ)Ljava/lang/Object; @ 109
Event: 4.561 Thread 0x0000000016bb3800 Uncommon trap: reason=bimorphic action=maybe_recompile pc=0x0000000002f00f44 method=com.android.dx.rop.code.RegisterSpec.withSimpleType()Lcom/android/dx/rop/code/RegisterSpec; @ 21
Event: 4.695 Thread 0x0000000016bb3800 Uncommon trap: reason=bimorphic action=maybe_recompile pc=0x0000000002f00f44 method=com.android.dx.rop.code.RegisterSpec.withSimpleType()Lcom/android/dx/rop/code/RegisterSpec; @ 21

Internal exceptions (10 events):
Event: 1.777 Thread 0x0000000016bb3000 Exception <a 'java/security/PrivilegedActionException'> (0x00000000eac78780) thrown at [C:\re\workspace\8-2-build-windows-amd64-cygwin\jdk8u11\648\hotspot\src\share\vm\prims\jvm.cpp, line 1248]
Event: 1.777 Thread 0x0000000016bb3800 Exception <a 'java/security/PrivilegedActionException'> (0x00000000eac6ba08) thrown at [C:\re\workspace\8-2-build-windows-amd64-cygwin\jdk8u11\648\hotspot\src\share\vm\prims\jvm.cpp, line 1248]
Event: 1.926 Thread 0x0000000016b9f800 Exception <a 'java/security/PrivilegedActionException'> (0x00000000eae03bd0) thrown at [C:\re\workspace\8-2-build-windows-amd64-cygwin\jdk8u11\648\hotspot\src\share\vm\prims\jvm.cpp, line 1248]
Event: 2.175 Thread 0x0000000016b9f800 Exception <a 'java/security/PrivilegedActionException'> (0x00000000eac84f48) thrown at [C:\re\workspace\8-2-build-windows-amd64-cygwin\jdk8u11\648\hotspot\src\share\vm\prims\jvm.cpp, line 1248]
Event: 2.177 Thread 0x0000000016b9f800 Exception <a 'java/security/PrivilegedActionException'> (0x00000000eac96238) thrown at [C:\re\workspace\8-2-build-windows-amd64-cygwin\jdk8u11\648\hotspot\src\share\vm\prims\jvm.cpp, line 1248]
Event: 2.808 Thread 0x00000000027d0800 Exception <a 'java/security/PrivilegedActionException'> (0x00000000eab83288) thrown at [C:\re\workspace\8-2-build-windows-amd64-cygwin\jdk8u11\648\hotspot\src\share\vm\prims\jvm.cpp, line 1248]
Event: 3.499 Thread 0x00000000027d0800 Exception <a 'java/security/PrivilegedActionException'> (0x00000000eadfce28) thrown at [C:\re\workspace\8-2-build-windows-amd64-cygwin\jdk8u11\648\hotspot\src\share\vm\prims\jvm.cpp, line 1248]
Event: 4.074 Thread 0x0000000016b9f800 Exception <a 'java/lang/ArrayIndexOutOfBoundsException': 18> (0x00000000ebaaa148) thrown at [C:\re\workspace\8-2-build-windows-amd64-cygwin\jdk8u11\648\hotspot\src\share\vm\interpreter\interpreterRuntime.cpp, line 337]
Event: 4.074 Thread 0x0000000016b9f800 Exception <a 'java/lang/ArrayIndexOutOfBoundsException': 145> (0x00000000ebaabbe0) thrown at [C:\re\workspace\8-2-build-windows-amd64-cygwin\jdk8u11\648\hotspot\src\share\vm\interpreter\interpreterRuntime.cpp, line 337]
Event: 4.089 Thread 0x0000000016b9f800 Exception <a 'java/lang/ArrayIndexOutOfBoundsException'> (0x00000000ebaacdf8) thrown at [C:\re\workspace\8-2-build-windows-amd64-cygwin\jdk8u11\648\hotspot\src\share\vm\runtime\sharedRuntime.cpp, line 595]

Events (10 events):
Event: 4.820 Thread 0x0000000016bb3800 DEOPT UNPACKING pc=0x0000000002917604 sp=0x0000000017afe3f8 mode 0
Event: 5.078 Executing VM operation: ParallelGCFailedAllocation
Event: 5.114 Executing VM operation: ParallelGCFailedAllocation done
Event: 5.145 loading class java/util/HashMap$KeySet
Event: 5.145 loading class java/util/HashMap$KeySet done
Event: 5.145 loading class java/util/HashMap$KeyIterator
Event: 5.145 loading class java/util/HashMap$KeyIterator done
Event: 5.155 Thread 0x0000000016bb3800 Thread exited: 0x0000000016bb3800
Event: 5.155 Thread 0x0000000016bb3000 Thread exited: 0x0000000016bb3000
Event: 5.155 Thread 0x0000000016b9f800 Thread exited: 0x0000000016b9f800


Dynamic libraries:
0x00007ff76aa90000 - 0x00007ff76aac4000 	C:\Program Files\Java\jdk1.8.0_11\bin\java.exe
0x00007ffefaf80000 - 0x00007ffefb151000 	C:\WINDOWS\SYSTEM32\ntdll.dll
0x00007ffef88c0000 - 0x00007ffef896b000 	C:\WINDOWS\System32\KERNEL32.DLL
0x00007ffef7a90000 - 0x00007ffef7cad000 	C:\WINDOWS\System32\KERNELBASE.dll
0x00007ffef8580000 - 0x00007ffef8622000 	C:\WINDOWS\System32\ADVAPI32.dll
0x00007ffefa740000 - 0x00007ffefa7de000 	C:\WINDOWS\System32\msvcrt.dll
0x00007ffefa640000 - 0x00007ffefa699000 	C:\WINDOWS\System32\sechost.dll
0x00007ffeface0000 - 0x00007ffefae01000 	C:\WINDOWS\System32\RPCRT4.dll
0x00007ffef8970000 - 0x00007ffef8ad5000 	C:\WINDOWS\System32\USER32.dll
0x00007ffef84a0000 - 0x00007ffef84be000 	C:\WINDOWS\System32\win32u.dll
0x00007ffef9ff0000 - 0x00007ffefa024000 	C:\WINDOWS\System32\GDI32.dll
0x00007ffef7900000 - 0x00007ffef7a82000 	C:\WINDOWS\System32\gdi32full.dll
0x00007ffef37d0000 - 0x00007ffef3a49000 	C:\WINDOWS\WinSxS\amd64_microsoft.windows.common-controls_6595b64144ccf1df_6.0.14393.447_none_42191651c6827bb3\COMCTL32.dll
0x00007ffefa7e0000 - 0x00007ffefaaa8000 	C:\WINDOWS\System32\combase.dll
0x00007ffef7580000 - 0x00007ffef7675000 	C:\WINDOWS\System32\ucrtbase.dll
0x00007ffef8390000 - 0x00007ffef83fa000 	C:\WINDOWS\System32\bcryptPrimitives.dll
0x00007ffefabf0000 - 0x00007ffefac1e000 	C:\WINDOWS\System32\IMM32.DLL
0x0000000053260000 - 0x0000000053332000 	C:\Program Files\Java\jdk1.8.0_11\jre\bin\msvcr100.dll
0x00000000534e0000 - 0x0000000053d0a000 	C:\Program Files\Java\jdk1.8.0_11\jre\bin\server\jvm.dll
0x00007ffef8570000 - 0x00007ffef8578000 	C:\WINDOWS\System32\PSAPI.DLL
0x00007ffef5960000 - 0x00007ffef5969000 	C:\WINDOWS\SYSTEM32\WSOCK32.dll
0x00007ffef58f0000 - 0x00007ffef5913000 	C:\WINDOWS\SYSTEM32\WINMM.dll
0x00007ffefaf10000 - 0x00007ffefaf7a000 	C:\WINDOWS\System32\WS2_32.dll
0x00007ffef58c0000 - 0x00007ffef58eb000 	C:\WINDOWS\SYSTEM32\WINMMBASE.dll
0x00007ffef84c0000 - 0x00007ffef8502000 	C:\WINDOWS\System32\cfgmgr32.dll
0x00000000547f0000 - 0x00000000547ff000 	C:\Program Files\Java\jdk1.8.0_11\jre\bin\verify.dll
0x0000000054450000 - 0x0000000054478000 	C:\Program Files\Java\jdk1.8.0_11\jre\bin\java.dll
0x00000000547d0000 - 0x00000000547e6000 	C:\Program Files\Java\jdk1.8.0_11\jre\bin\zip.dll
0x00007ffef8ae0000 - 0x00007ffef9fe9000 	C:\WINDOWS\System32\SHELL32.dll
0x00007ffef7cb0000 - 0x00007ffef838a000 	C:\WINDOWS\System32\windows.storage.dll
0x00007ffef73f0000 - 0x00007ffef743c000 	C:\WINDOWS\System32\powrprof.dll
0x00007ffefa5e0000 - 0x00007ffefa632000 	C:\WINDOWS\System32\shlwapi.dll
0x00007ffef73e0000 - 0x00007ffef73ef000 	C:\WINDOWS\System32\kernel.appcore.dll
0x00007ffef7470000 - 0x00007ffef7519000 	C:\WINDOWS\System32\shcore.dll
0x00007ffef7440000 - 0x00007ffef7454000 	C:\WINDOWS\System32\profapi.dll
0x00007ffee9250000 - 0x00007ffee93e2000 	C:\WINDOWS\SYSTEM32\dbghelp.dll

VM Arguments:
jvm_args: -Djava.awt.headless=true -Xmx1024M -Dfile.encoding=windows-1252 -Duser.country=US -Duser.language=en -Duser.variant 
java_command: com.android.dx.command.Main --dex --num-threads=4 --output G:\APK\TugasAkhir1.2\app\build\intermediates\pre-dexed\debug\com.android.support-appcompat-v7-23.4.0_b26ab0f056d166886481a915ca58668e7cf119c4.jar G:\APK\TugasAkhir1.2\app\build\intermediates\exploded-aar\com.android.support\appcompat-v7\23.4.0\jars\classes.jar
java_class_path (initial): C:\Users\Rido\AppData\Local\Android\sdk\build-tools\24.0.3\lib\dx.jar
Launcher Type: SUN_STANDARD

Environment Variables:
PATH=C:\WINDOWS\system32;C:\WINDOWS;C:\WINDOWS\System32\Wbem;C:\WINDOWS\System32\WindowsPowerShell\v1.0\;C:\Program Files\Java\jdk1.8.0_11\bin;C:\xampp\php;C:\Program Files (x86)\Microsoft SQL Server\100\Tools\Binn\;C:\Program Files\Microsoft SQL Server\100\Tools\Binn\;C:\Program Files\Microsoft SQL Server\100\DTS\Binn\;C:\Program Files (x86)\Microsoft SQL Server\100\Tools\Binn\VSShell\Common7\IDE\;C:\Program Files (x86)\Microsoft SQL Server\100\DTS\Binn\;C:\OpenSSL-Win64\bin\openssl.cfg;C:\Program Files (x86)\GNU\GnuPG\pub;C:\Program Files\Git\cmd;C:\ProgramData\ComposerSetup\bin;C:\WINDOWS\system32;C:\WINDOWS;C:\WINDOWS\System32\Wbem;C:\WINDOWS\System32\WindowsPowerShell\v1.0\;C:\Program Files\Java\jdk1.8.0_11\bin;C:\Users\Rido\AppData\Local\Microsoft\WindowsApps;C:\Users\Rido\AppData\Roaming\Composer\vendor\bin
USERNAME=1312100999
OS=Windows_NT
PROCESSOR_IDENTIFIER=Intel64 Family 6 Model 58 Stepping 9, GenuineIntel



---------------  S Y S T E M  ---------------

OS: Windows 8.1 , 64 bit Build 9600 

CPU:total 4 (2 cores per cpu, 2 threads per core) family 6 model 58 stepping 9, cmov, cx8, fxsr, mmx, sse, sse2, sse3, ssse3, sse4.1, sse4.2, popcnt, avx, clmul, erms, ht, tsc, tscinvbit

Memory: 4k page, physical 4089620k(568552k free), swap 5531412k(125860k free)

vm_info: Java HotSpot(TM) 64-Bit Server VM (25.11-b03) for windows-amd64 JRE (1.8.0_11-b12), built on Jun 16 2014 20:57:32 by "java_re" with MS VC++ 10.0 (VS2010)

time: Thu Jan 26 09:26:05 2017
elapsed time: 5 seconds

