#
# There is insufficient memory for the Java Runtime Environment to continue.
# Native memory allocation (malloc) failed to allocate 32744 bytes for ChunkPool::allocate
# Possible reasons:
#   The system is out of physical RAM or swap space
#   In 32 bit mode, the process size limit was hit
# Possible solutions:
#   Reduce memory load on the system
#   Increase physical memory or swap space
#   Check if swap backing store is full
#   Use 64 bit Java on a 64 bit OS
#   Decrease Java heap size (-Xmx/-Xms)
#   Decrease number of Java threads
#   Decrease Java thread stack sizes (-Xss)
#   Set larger code cache with -XX:ReservedCodeCacheSize=
# This output file may be truncated or incomplete.
#
#  Out of Memory Error (allocation.cpp:271), pid=3092, tid=9668
#
# JRE version: Java(TM) SE Runtime Environment (8.0_11-b12) (build 1.8.0_11-b12)
# Java VM: Java HotSpot(TM) 64-Bit Server VM (25.11-b03 mixed mode windows-amd64 compressed oops)
# Failed to write core dump. Minidumps are not enabled by default on client versions of Windows
#

---------------  T H R E A D  ---------------

Current thread (0x0000000014b3c000):  JavaThread "C2 CompilerThread0" daemon [_thread_in_vm, id=9668, stack(0x00000000160b0000,0x00000000161b0000)]

Stack: [0x00000000160b0000,0x00000000161b0000]
[error occurred during error reporting (printing stack bounds), id 0xc0000005]

Native frames: (J=compiled Java code, j=interpreted, Vv=VM code, C=native code)
V  [jvm.dll+0x308eca]
V  [jvm.dll+0x25e121]
V  [jvm.dll+0x25ed33]
V  [jvm.dll+0x277366]
V  [jvm.dll+0x27aea3]
V  [jvm.dll+0x59682f]
C  [msvcr100.dll+0x712e3]
V  [jvm.dll+0x595f4d]
C  [ntdll.dll+0xaab9d]
C  [ntdll.dll+0x49913]
C  [ntdll.dll+0xa9cba]
V  [jvm.dll+0x1fdfe1]


---------------  P R O C E S S  ---------------

Java Threads: ( => current thread )
  0x0000000014b9d800 JavaThread "Service Thread" daemon [_thread_blocked, id=9056, stack(0x00000000167b0000,0x00000000168b0000)]
  0x0000000014b42000 JavaThread "C1 CompilerThread2" daemon [_thread_blocked, id=8304, stack(0x00000000162b0000,0x00000000163b0000)]
  0x0000000014b3f000 JavaThread "C2 CompilerThread1" daemon [_thread_blocked, id=7536, stack(0x00000000161b0000,0x00000000162b0000)]
=>0x0000000014b3c000 JavaThread "C2 CompilerThread0" daemon [_thread_in_vm, id=9668, stack(0x00000000160b0000,0x00000000161b0000)]
  0x0000000014b3a800 JavaThread "Attach Listener" daemon [_thread_blocked, id=7240, stack(0x0000000015fb0000,0x00000000160b0000)]
  0x0000000014b39800 JavaThread "Signal Dispatcher" daemon [_thread_blocked, id=7584, stack(0x0000000015eb0000,0x0000000015fb0000)]
  0x000000000245e000 JavaThread "Finalizer" daemon [_thread_blocked, id=3064, stack(0x0000000015db0000,0x0000000015eb0000)]
  0x0000000002458800 JavaThread "Reference Handler" daemon [_thread_blocked, id=996, stack(0x0000000015cb0000,0x0000000015db0000)]
  0x0000000002370800 JavaThread "main" [_thread_blocked, id=7324, stack(0x0000000002210000,0x0000000002310000)]

Other Threads:
  0x0000000014b05800 VMThread [stack: 0x0000000015bb0000,0x0000000015cb0000] [id=7704]
  0x00000000163de800 WatcherThread [stack: 0x00000000168b0000,0x00000000169b0000] [id=5364]

VM state:synchronizing (normal execution)

VM Mutex/Monitor currently owned by a thread:  ([mutex/lock_event])
[0x000000000236c200] Threads_lock - owner thread: 0x0000000014b05800
[0x000000000236cd00] Heap_lock - owner thread: 0x0000000002370800

Heap:
 PSYoungGen      total 1024K, used 512K [0x00000000eab00000, 0x00000000eac80000, 0x0000000100000000)
  eden space 512K, 100% used [0x00000000eab00000,0x00000000eab80000,0x00000000eab80000)
  from space 512K, 0% used [0x00000000eac00000,0x00000000eac00000,0x00000000eac80000)
  to   space 512K, 0% used [0x00000000eab80000,0x00000000eab80000,0x00000000eac00000)
 ParOldGen       total 64000K, used 0K [0x00000000c0000000, 0x00000000c3e80000, 0x00000000eab00000)
  object space 64000K, 0% used [0x00000000c0000000,0x00000000c0000000,0x00000000c3e80000)
 Metaspace       used 2508K, capacity 4480K, committed 4480K, reserved 1056768K
  class space    used 272K, capacity 384K, committed 384K, reserved 1048576K

Card table byte_map: [0x0000000011830000,0x0000000011a40000] byte_map_base: 0x0000000011230000

Marking Bits: (ParMarkBitMap*) 0x0000000064e912b0
 Begin Bits: [0x0000000011fa0000, 0x0000000012fa0000)
 End Bits:   [0x0000000012fa0000, 0x0000000013fa0000)

Polling page: 0x00000000005f0000

CodeCache: size=245760Kb used=1122Kb max_used=1122Kb free=244637Kb
 bounds [0x0000000002470000, 0x00000000026e0000, 0x0000000011470000]
 total_blobs=256 nmethods=29 adapters=146
 compilation: enabled

Compilation events (1 events):
Event: 0.269 Thread 0x0000000014b42000    1       3       java.lang.String::hashCode (55 bytes)

GC Heap History (0 events):
No events

Deoptimization events (0 events):
No events

Internal exceptions (2 events):
Event: 0.114 Thread 0x0000000002370800 Exception <a 'java/lang/NoSuchMethodError': Method sun.misc.Unsafe.defineClass(Ljava/lang/String;[BII)Ljava/lang/Class; name or signature does not match> (0x00000000eab0f230) thrown at [C:\re\workspace\8-2-build-windows-amd64-cygwin\jdk8u11\648\hotspot\src…pù2´R½?
Event: 0.115 Thread 0x0000000002370800 Exception <a 'java/lang/NoSuchMethodError': Method sun.misc.Unsafe.prefetchRead(Ljava/lang/Object;J)V name or signature does not match> (0x00000000eab0f4c0) thrown at [C:\re\workspace\8-2-build-windows-amd64-cygwin\jdk8u11\648\hotspot\src\share\vm\prims\jn

Events (10 events):
Event: 0.267 loading class java/lang/invoke/MemberName$Factory done
Event: 0.268 loading class java/lang/invoke/LambdaForm$NamedFunction
Event: 0.268 loading class java/lang/invoke/LambdaForm$NamedFunction done
Event: 0.268 loading class java/lang/invoke/MethodType$ConcurrentWeakInternSet
Event: 0.268 loading class java/lang/invoke/MethodType$ConcurrentWeakInternSet done
Event: 0.268 loading class java/lang/invoke/MethodHandleStatics
Event: 0.268 loading class java/lang/invoke/MethodHandleStatics done
Event: 0.269 loading class java/lang/invoke/MethodHandleStatics$1
Event: 0.269 loading class java/lang/invoke/MethodHandleStatics$1 done
Event: 0.269 loading class java/lang/invoke/MethodTypeForm


Dynamic libraries:
0x00007ff723a00000 - 0x00007ff723a34000 	C:\Program Files\Java\jdk1.8.0_11\bin\java.exe
0x00007ffa39dd0000 - 0x00007ffa39fa1000 	C:\WINDOWS\SYSTEM32\ntdll.dll
0x00007ffa37c80000 - 0x00007ffa37d2b000 	C:\WINDOWS\System32\KERNEL32.DLL
0x00007ffa366d0000 - 0x00007ffa368ed000 	C:\WINDOWS\System32\KERNELBASE.dll
0x00007ffa39bb0000 - 0x00007ffa39c52000 	C:\WINDOWS\System32\ADVAPI32.dll
0x00007ffa37bd0000 - 0x00007ffa37c6e000 	C:\WINDOWS\System32\msvcrt.dll
0x00007ffa379b0000 - 0x00007ffa37a09000 	C:\WINDOWS\System32\sechost.dll
0x00007ffa37aa0000 - 0x00007ffa37bc1000 	C:\WINDOWS\System32\RPCRT4.dll
0x00007ffa37810000 - 0x00007ffa37975000 	C:\WINDOWS\System32\USER32.dll
0x00007ffa37170000 - 0x00007ffa3718e000 	C:\WINDOWS\System32\win32u.dll
0x00007ffa37630000 - 0x00007ffa37664000 	C:\WINDOWS\System32\GDI32.dll
0x00007ffa364e0000 - 0x00007ffa36662000 	C:\WINDOWS\System32\gdi32full.dll
0x00007ffa2b570000 - 0x00007ffa2b7e9000 	C:\WINDOWS\WinSxS\amd64_microsoft.windows.common-controls_6595b64144ccf1df_6.0.14393.447_none_42191651c6827bb3\COMCTL32.dll
0x00007ffa37360000 - 0x00007ffa37628000 	C:\WINDOWS\System32\combase.dll
0x00007ffa36370000 - 0x00007ffa36465000 	C:\WINDOWS\System32\ucrtbase.dll
0x00007ffa36470000 - 0x00007ffa364da000 	C:\WINDOWS\System32\bcryptPrimitives.dll
0x00007ffa37980000 - 0x00007ffa379ae000 	C:\WINDOWS\System32\IMM32.DLL
0x00000000642f0000 - 0x00000000643c2000 	C:\Program Files\Java\jdk1.8.0_11\jre\bin\msvcr100.dll
0x00000000646e0000 - 0x0000000064f0a000 	C:\Program Files\Java\jdk1.8.0_11\jre\bin\server\jvm.dll
0x00007ffa37a30000 - 0x00007ffa37a38000 	C:\WINDOWS\System32\PSAPI.DLL
0x00007ffa347e0000 - 0x00007ffa347e9000 	C:\WINDOWS\SYSTEM32\WSOCK32.dll
0x00007ffa37fe0000 - 0x00007ffa3804a000 	C:\WINDOWS\System32\WS2_32.dll
0x00007ffa34740000 - 0x00007ffa34763000 	C:\WINDOWS\SYSTEM32\WINMM.dll
0x00007ffa34710000 - 0x00007ffa3473b000 	C:\WINDOWS\SYSTEM32\WINMMBASE.dll
0x00007ffa37120000 - 0x00007ffa37162000 	C:\WINDOWS\System32\cfgmgr32.dll
0x0000000066bc0000 - 0x0000000066bcf000 	C:\Program Files\Java\jdk1.8.0_11\jre\bin\verify.dll
0x0000000066b90000 - 0x0000000066bb8000 	C:\Program Files\Java\jdk1.8.0_11\jre\bin\java.dll
0x0000000066b70000 - 0x0000000066b86000 	C:\Program Files\Java\jdk1.8.0_11\jre\bin\zip.dll
0x00007ffa38640000 - 0x00007ffa39b49000 	C:\WINDOWS\System32\SHELL32.dll
0x00007ffa36990000 - 0x00007ffa3706a000 	C:\WINDOWS\System32\windows.storage.dll
0x00007ffa36230000 - 0x00007ffa3627c000 	C:\WINDOWS\System32\powrprof.dll
0x00007ffa39b50000 - 0x00007ffa39ba2000 	C:\WINDOWS\System32\shlwapi.dll
0x00007ffa36280000 - 0x00007ffa3628f000 	C:\WINDOWS\System32\kernel.appcore.dll
0x00007ffa362c0000 - 0x00007ffa36369000 	C:\WINDOWS\System32\shcore.dll
0x00007ffa36290000 - 0x00007ffa362a4000 	C:\WINDOWS\System32\profapi.dll
0x00007ffa29d20000 - 0x00007ffa29eb2000 	C:\WINDOWS\SYSTEM32\dbghelp.dll

VM Arguments:
jvm_args: -Djava.awt.headless=true -Xmx1024M -Dfile.encoding=windows-1252 -Duser.country=US -Duser.language=en -Duser.variant 
java_command: com.android.dx.command.Main --dex --num-threads=4 --output G:\APK\TugasAkhir1.2\app\build\intermediates\pre-dexed\debug\support-annotations-23.4.0_6244cbc28a60dbbb33dae33286d2e7311b9eb38a.jar C:\Users\Rido\AppData\Local\Android\sdk\extras\android\m2repository\com\android\support\support-annotations\23.4.0\support-annotations-23.4.0.jar
java_class_path (initial): C:\Users\Rido\AppData\Local\Android\sdk\build-tools\24.0.3\lib\dx.jar
Launcher Type: SUN_STANDARD

Environment Variables:
PATH=C:\WINDOWS\system32;C:\WINDOWS;C:\WINDOWS\System32\Wbem;C:\WINDOWS\System32\WindowsPowerShell\v1.0\;C:\Program Files\Java\jdk1.8.0_11\bin;C:\xampp\php;C:\Program Files (x86)\Microsoft SQL Server\100\Tools\Binn\;C:\Program Files\Microsoft SQL Server\100\Tools\Binn\;C:\Program Files\Microsoft SQL Server\100\DTS\Binn\;C:\Program Files (x86)\Microsoft SQL Server\100\Tools\Binn\VSShell\Common7\IDE\;C:\Program Files (x86)\Microsoft SQL Server\100\DTS\Binn\;C:\OpenSSL-Win64\bin\openssl.cfg;C:\Program Files (x86)\GNU\GnuPG\pub;C:\Program Files\Git\cmd;C:\ProgramData\ComposerSetup\bin;C:\WINDOWS\system32;C:\WINDOWS;C:\WINDOWS\System32\Wbem;C:\WINDOWS\System32\WindowsPowerShell\v1.0\;C:\Program Files\Java\jdk1.8.0_11\bin;C:\Users\Rido\AppData\Local\Microsoft\WindowsApps;C:\Users\Rido\AppData\Roaming\Composer\vendor\bin
USERNAME=1312100999
OS=Windows_NT
PROCESSOR_IDENTIFIER=Intel64 Family 6 Model 58 Stepping 9, GenuineIntel



---------------  S Y S T E M  ---------------

OS: Windows 8.1 , 64 bit Build 9600 

CPU:total 4 (2 cores per cpu, 2 threads per core) family 6 model 58 stepping 9, cmov, cx8, fxsr, mmx, sse, sse2, sse3, ssse3, sse4.1, sse4.2, popcnt, avx, clmul, erms, ht, tsc, tscinvbit

Memory: 4k page, physical 4089620k(681932k free), swap 5531412k(884k free)

vm_info: Java HotSpot(TM) 64-Bit Server VM (25.11-b03) for windows-amd64 JRE (1.8.0_11-b12), built on Jun 16 2014 20:57:32 by "java_re" with MS VC++ 10.0 (VS2010)

time: Sun Feb 19 21:24:53 2017
elapsed time: 0 seconds

