#
# There is insufficient memory for the Java Runtime Environment to continue.
# Native memory allocation (malloc) failed to allocate 897616 bytes for Chunk::new
# Possible reasons:
#   The system is out of physical RAM or swap space
#   In 32 bit mode, the process size limit was hit
# Possible solutions:
#   Reduce memory load on the system
#   Increase physical memory or swap space
#   Check if swap backing store is full
#   Use 64 bit Java on a 64 bit OS
#   Decrease Java heap size (-Xmx/-Xms)
#   Decrease number of Java threads
#   Decrease Java thread stack sizes (-Xss)
#   Set larger code cache with -XX:ReservedCodeCacheSize=
# This output file may be truncated or incomplete.
#
#  Out of Memory Error (allocation.cpp:388), pid=4948, tid=2284
#
# JRE version: Java(TM) SE Runtime Environment (8.0_11-b12) (build 1.8.0_11-b12)
# Java VM: Java HotSpot(TM) 64-Bit Server VM (25.11-b03 mixed mode windows-amd64 compressed oops)
# Failed to write core dump. Minidumps are not enabled by default on client versions of Windows
#

---------------  T H R E A D  ---------------

Current thread (0x000000001544c000):  JavaThread "C2 CompilerThread0" daemon [_thread_in_native, id=2284, stack(0x00000000169a0000,0x0000000016aa0000)]

Stack: [0x00000000169a0000,0x0000000016aa0000]
Native frames: (J=compiled Java code, j=interpreted, Vv=VM code, C=native code)
V  [jvm.dll+0x308eca]


Current CompileTask:
C2:   4201 1107       4       com.android.dx.ssa.SCCP::simulateStmt (481 bytes)


---------------  P R O C E S S  ---------------

Java Threads: ( => current thread )
  0x0000000017108800 JavaThread "pool-1-thread-4" [_thread_in_Java, id=7528, stack(0x00000000176a0000,0x00000000177a0000)]
  0x0000000017103800 JavaThread "pool-1-thread-3" [_thread_blocked, id=5156, stack(0x00000000175a0000,0x00000000176a0000)]
  0x0000000017004000 JavaThread "pool-1-thread-2" [_thread_in_Java, id=8580, stack(0x00000000174a0000,0x00000000175a0000)]
  0x0000000017002800 JavaThread "pool-2-thread-1" [_thread_blocked, id=6536, stack(0x00000000173a0000,0x00000000174a0000)]
  0x0000000016fff800 JavaThread "pool-1-thread-1" [_thread_in_Java, id=6904, stack(0x00000000172a0000,0x00000000173a0000)]
  0x00000000154aa800 JavaThread "Service Thread" daemon [_thread_blocked, id=10464, stack(0x0000000016ca0000,0x0000000016da0000)]
  0x00000000154a3000 JavaThread "C1 CompilerThread2" daemon [_thread_in_native, id=1224, stack(0x0000000016ba0000,0x0000000016ca0000)]
  0x000000001544f000 JavaThread "C2 CompilerThread1" daemon [_thread_blocked, id=5460, stack(0x0000000016aa0000,0x0000000016ba0000)]
=>0x000000001544c000 JavaThread "C2 CompilerThread0" daemon [_thread_in_native, id=2284, stack(0x00000000169a0000,0x0000000016aa0000)]
  0x000000001544a800 JavaThread "Attach Listener" daemon [_thread_blocked, id=7336, stack(0x00000000168a0000,0x00000000169a0000)]
  0x0000000015449000 JavaThread "Signal Dispatcher" daemon [_thread_blocked, id=10196, stack(0x00000000167a0000,0x00000000168a0000)]
  0x0000000002d6f000 JavaThread "Finalizer" daemon [_thread_blocked, id=4712, stack(0x00000000166a0000,0x00000000167a0000)]
  0x0000000002d68800 JavaThread "Reference Handler" daemon [_thread_blocked, id=2248, stack(0x00000000165a0000,0x00000000166a0000)]
  0x0000000002c80800 JavaThread "main" [_thread_blocked, id=5176, stack(0x0000000002b80000,0x0000000002c80000)]

Other Threads:
  0x0000000015415800 VMThread [stack: 0x00000000164a0000,0x00000000165a0000] [id=804]
  0x00000000154ad000 WatcherThread [stack: 0x0000000016da0000,0x0000000016ea0000] [id=10340]

VM state:not at safepoint (normal execution)

VM Mutex/Monitor currently owned by a thread: None

Heap:
 PSYoungGen      total 10240K, used 5855K [0x00000000eab00000, 0x00000000eb800000, 0x0000000100000000)
  eden space 7680K, 43% used [0x00000000eab00000,0x00000000eae3bd58,0x00000000eb280000)
  from space 2560K, 99% used [0x00000000eb280000,0x00000000eb4fc028,0x00000000eb500000)
  to   space 2048K, 0% used [0x00000000eb500000,0x00000000eb500000,0x00000000eb700000)
 ParOldGen       total 64000K, used 2462K [0x00000000c0000000, 0x00000000c3e80000, 0x00000000eab00000)
  object space 64000K, 3% used [0x00000000c0000000,0x00000000c0267950,0x00000000c3e80000)
 Metaspace       used 5742K, capacity 6768K, committed 7040K, reserved 1056768K
  class space    used 592K, capacity 616K, committed 640K, reserved 1048576K

Card table byte_map: [0x0000000012140000,0x0000000012350000] byte_map_base: 0x0000000011b40000

Marking Bits: (ParMarkBitMap*) 0x000000006ec612b0
 Begin Bits: [0x00000000128b0000, 0x00000000138b0000)
 End Bits:   [0x00000000138b0000, 0x00000000148b0000)

Polling page: 0x0000000001360000

CodeCache: size=245760Kb used=4682Kb max_used=4682Kb free=241077Kb
 bounds [0x0000000002d80000, 0x0000000003220000, 0x0000000011d80000]
 total_blobs=1449 nmethods=1185 adapters=178
 compilation: enabled

Compilation events (10 events):
Event: 3.870 Thread 0x00000000154a3000 1151       3       com.android.dx.cf.code.ConcreteMethod::getMaxLocals (8 bytes)
Event: 3.870 Thread 0x00000000154a3000 nmethod 1151 0x00000000031dd510 code [0x00000000031dd660, 0x00000000031dd850]
Event: 3.874 Thread 0x000000001544f000 nmethod 1149 0x00000000031dcf10 code [0x00000000031dd060, 0x00000000031dd2d8]
Event: 3.876 Thread 0x000000001544f000 1152       4       com.android.dx.util.IntList::binarysearch (124 bytes)
Event: 3.879 Thread 0x000000001544f000 nmethod 1152 0x00000000031f8490 code [0x00000000031f85e0, 0x00000000031f8798]
Event: 3.880 Thread 0x000000001544f000 1153       4       com.android.dx.util.LabeledList::set (45 bytes)
Event: 3.884 Thread 0x00000000154a3000 1155       3       com.android.dx.cf.code.Merger::mergeType (142 bytes)
Event: 3.885 Thread 0x00000000154a3000 nmethod 1155 0x00000000031f8910 code [0x00000000031f8bc0, 0x00000000031fa028]
Event: 3.885 Thread 0x00000000154a3000 1156       3       com.android.dx.rop.cst.CstString::equals (24 bytes)
Event: 3.886 Thread 0x00000000154a3000 nmethod 1156 0x00000000031f1e50 code [0x00000000031f1fc0, 0x00000000031f23e8]

GC Heap History (10 events):
Event: 1.550 GC heap before
{Heap before GC invocations=5 (full 0):
 PSYoungGen      total 2560K, used 2535K [0x00000000eab00000, 0x00000000eae00000, 0x0000000100000000)
  eden space 2048K, 100% used [0x00000000eab00000,0x00000000ead00000,0x00000000ead00000)
  from space 512K, 95% used [0x00000000ead80000,0x00000000eadf9c70,0x00000000eae00000)
  to   space 512K, 0% used [0x00000000ead00000,0x00000000ead00000,0x00000000ead80000)
 ParOldGen       total 64000K, used 671K [0x00000000c0000000, 0x00000000c3e80000, 0x00000000eab00000)
  object space 64000K, 1% used [0x00000000c0000000,0x00000000c00a7d00,0x00000000c3e80000)
 Metaspace       used 4206K, capacity 5456K, committed 5760K, reserved 1056768K
  class space    used 477K, capacity 520K, committed 640K, reserved 1048576K
Event: 1.572 GC heap after
Heap after GC invocations=5 (full 0):
 PSYoungGen      total 2560K, used 512K [0x00000000eab00000, 0x00000000eb200000, 0x0000000100000000)
  eden space 2048K, 0% used [0x00000000eab00000,0x00000000eab00000,0x00000000ead00000)
  from space 512K, 100% used [0x00000000ead00000,0x00000000ead80000,0x00000000ead80000)
  to   space 1536K, 0% used [0x00000000eb080000,0x00000000eb080000,0x00000000eb200000)
 ParOldGen       total 64000K, used 1421K [0x00000000c0000000, 0x00000000c3e80000, 0x00000000eab00000)
  object space 64000K, 2% used [0x00000000c0000000,0x00000000c01634f8,0x00000000c3e80000)
 Metaspace       used 4206K, capacity 5456K, committed 5760K, reserved 1056768K
  class space    used 477K, capacity 520K, committed 640K, reserved 1048576K
}
Event: 1.827 GC heap before
{Heap before GC invocations=6 (full 0):
 PSYoungGen      total 2560K, used 2560K [0x00000000eab00000, 0x00000000eb200000, 0x0000000100000000)
  eden space 2048K, 100% used [0x00000000eab00000,0x00000000ead00000,0x00000000ead00000)
  from space 512K, 100% used [0x00000000ead00000,0x00000000ead80000,0x00000000ead80000)
  to   space 1536K, 0% used [0x00000000eb080000,0x00000000eb080000,0x00000000eb200000)
 ParOldGen       total 64000K, used 1421K [0x00000000c0000000, 0x00000000c3e80000, 0x00000000eab00000)
  object space 64000K, 2% used [0x00000000c0000000,0x00000000c01634f8,0x00000000c3e80000)
 Metaspace       used 4834K, capacity 6032K, committed 6272K, reserved 1056768K
  class space    used 540K, capacity 584K, committed 640K, reserved 1048576K
Event: 1.852 GC heap after
Heap after GC invocations=6 (full 0):
 PSYoungGen      total 5632K, used 1198K [0x00000000eab00000, 0x00000000eb200000, 0x0000000100000000)
  eden space 4096K, 0% used [0x00000000eab00000,0x00000000eab00000,0x00000000eaf00000)
  from space 1536K, 78% used [0x00000000eb080000,0x00000000eb1abac8,0x00000000eb200000)
  to   space 1536K, 0% used [0x00000000eaf00000,0x00000000eaf00000,0x00000000eb080000)
 ParOldGen       total 64000K, used 1421K [0x00000000c0000000, 0x00000000c3e80000, 0x00000000eab00000)
  object space 64000K, 2% used [0x00000000c0000000,0x00000000c01634f8,0x00000000c3e80000)
 Metaspace       used 4834K, capacity 6032K, committed 6272K, reserved 1056768K
  class space    used 540K, capacity 584K, committed 640K, reserved 1048576K
}
Event: 2.496 GC heap before
{Heap before GC invocations=7 (full 0):
 PSYoungGen      total 5632K, used 5294K [0x00000000eab00000, 0x00000000eb200000, 0x0000000100000000)
  eden space 4096K, 100% used [0x00000000eab00000,0x00000000eaf00000,0x00000000eaf00000)
  from space 1536K, 78% used [0x00000000eb080000,0x00000000eb1abac8,0x00000000eb200000)
  to   space 1536K, 0% used [0x00000000eaf00000,0x00000000eaf00000,0x00000000eb080000)
 ParOldGen       total 64000K, used 1421K [0x00000000c0000000, 0x00000000c3e80000, 0x00000000eab00000)
  object space 64000K, 2% used [0x00000000c0000000,0x00000000c01634f8,0x00000000c3e80000)
 Metaspace       used 5400K, capacity 6512K, committed 6784K, reserved 1056768K
  class space    used 586K, capacity 616K, committed 640K, reserved 1048576K
Event: 2.793 GC heap after
Heap after GC invocations=7 (full 0):
 PSYoungGen      total 5632K, used 1504K [0x00000000eab00000, 0x00000000eb700000, 0x0000000100000000)
  eden space 4096K, 0% used [0x00000000eab00000,0x00000000eab00000,0x00000000eaf00000)
  from space 1536K, 97% used [0x00000000eaf00000,0x00000000eb078018,0x00000000eb080000)
  to   space 2048K, 0% used [0x00000000eb500000,0x00000000eb500000,0x00000000eb700000)
 ParOldGen       total 64000K, used 1745K [0x00000000c0000000, 0x00000000c3e80000, 0x00000000eab00000)
  object space 64000K, 2% used [0x00000000c0000000,0x00000000c01b44d8,0x00000000c3e80000)
 Metaspace       used 5400K, capacity 6512K, committed 6784K, reserved 1056768K
  class space    used 586K, capacity 616K, committed 640K, reserved 1048576K
}
Event: 2.974 GC heap before
{Heap before GC invocations=8 (full 0):
 PSYoungGen      total 5632K, used 5600K [0x00000000eab00000, 0x00000000eb700000, 0x0000000100000000)
  eden space 4096K, 100% used [0x00000000eab00000,0x00000000eaf00000,0x00000000eaf00000)
  from space 1536K, 97% used [0x00000000eaf00000,0x00000000eb078018,0x00000000eb080000)
  to   space 2048K, 0% used [0x00000000eb500000,0x00000000eb500000,0x00000000eb700000)
 ParOldGen       total 64000K, used 1745K [0x00000000c0000000, 0x00000000c3e80000, 0x00000000eab00000)
  object space 64000K, 2% used [0x00000000c0000000,0x00000000c01b44d8,0x00000000c3e80000)
 Metaspace       used 5572K, capacity 6640K, committed 6784K, reserved 1056768K
  class space    used 590K, capacity 616K, committed 640K, reserved 1048576K
Event: 3.349 GC heap after
Heap after GC invocations=8 (full 0):
 PSYoungGen      total 9728K, used 2016K [0x00000000eab00000, 0x00000000eb800000, 0x0000000100000000)
  eden space 7680K, 0% used [0x00000000eab00000,0x00000000eab00000,0x00000000eb280000)
  from space 2048K, 98% used [0x00000000eb500000,0x00000000eb6f8018,0x00000000eb700000)
  to   space 2560K, 0% used [0x00000000eb280000,0x00000000eb280000,0x00000000eb500000)
 ParOldGen       total 64000K, used 1863K [0x00000000c0000000, 0x00000000c3e80000, 0x00000000eab00000)
  object space 64000K, 2% used [0x00000000c0000000,0x00000000c01d1d40,0x00000000c3e80000)
 Metaspace       used 5572K, capacity 6640K, committed 6784K, reserved 1056768K
  class space    used 590K, capacity 616K, committed 640K, reserved 1048576K
}
Event: 3.996 GC heap before
{Heap before GC invocations=9 (full 0):
 PSYoungGen      total 9728K, used 9696K [0x00000000eab00000, 0x00000000eb800000, 0x0000000100000000)
  eden space 7680K, 100% used [0x00000000eab00000,0x00000000eb280000,0x00000000eb280000)
  from space 2048K, 98% used [0x00000000eb500000,0x00000000eb6f8018,0x00000000eb700000)
  to   space 2560K, 0% used [0x00000000eb280000,0x00000000eb280000,0x00000000eb500000)
 ParOldGen       total 64000K, used 1863K [0x00000000c0000000, 0x00000000c3e80000, 0x00000000eab00000)
  object space 64000K, 2% used [0x00000000c0000000,0x00000000c01d1d40,0x00000000c3e80000)
 Metaspace       used 5720K, capacity 6768K, committed 7040K, reserved 1056768K
  class space    used 590K, capacity 616K, committed 640K, reserved 1048576K
Event: 4.161 GC heap after
Heap after GC invocations=9 (full 0):
 PSYoungGen      total 10240K, used 2544K [0x00000000eab00000, 0x00000000eb800000, 0x0000000100000000)
  eden space 7680K, 0% used [0x00000000eab00000,0x00000000eab00000,0x00000000eb280000)
  from space 2560K, 99% used [0x00000000eb280000,0x00000000eb4fc028,0x00000000eb500000)
  to   space 2048K, 0% used [0x00000000eb500000,0x00000000eb500000,0x00000000eb700000)
 ParOldGen       total 64000K, used 2462K [0x00000000c0000000, 0x00000000c3e80000, 0x00000000eab00000)
  object space 64000K, 3% used [0x00000000c0000000,0x00000000c0267950,0x00000000c3e80000)
 Metaspace       used 5720K, capacity 6768K, committed 7040K, reserved 1056768K
  class space    used 590K, capacity 616K, committed 640K, reserved 1048576K
}

Deoptimization events (5 events):
Event: 2.881 Thread 0x0000000017108800 Uncommon trap: reason=class_check action=maybe_recompile pc=0x000000000304a8cc method=com.android.dx.ssa.NormalSsaInsn.accept(Lcom/android/dx/ssa/SsaInsn$Visitor;)V @ 9
Event: 2.881 Thread 0x0000000017108800 Uncommon trap: reason=class_check action=maybe_recompile pc=0x000000000304a8cc method=com.android.dx.ssa.NormalSsaInsn.accept(Lcom/android/dx/ssa/SsaInsn$Visitor;)V @ 9
Event: 2.881 Thread 0x0000000017108800 Uncommon trap: reason=class_check action=maybe_recompile pc=0x000000000304a8cc method=com.android.dx.ssa.NormalSsaInsn.accept(Lcom/android/dx/ssa/SsaInsn$Visitor;)V @ 9
Event: 2.882 Thread 0x0000000017108800 Uncommon trap: reason=class_check action=maybe_recompile pc=0x000000000304a8cc method=com.android.dx.ssa.NormalSsaInsn.accept(Lcom/android/dx/ssa/SsaInsn$Visitor;)V @ 9
Event: 2.883 Thread 0x0000000017108800 Uncommon trap: reason=class_check action=maybe_recompile pc=0x0000000002fbf5b0 method=com.android.dx.ssa.NormalSsaInsn.accept(Lcom/android/dx/ssa/SsaInsn$Visitor;)V @ 9

Internal exceptions (10 events):
Event: 2.194 Thread 0x0000000017108800 Exception <a 'java/security/PrivilegedActionException'> (0x00000000eaca2290) thrown at [C:\re\workspace\8-2-build-windows-amd64-cygwin\jdk8u11\648\hotspot\src\share\vm\prims\jvm.cpp, line 1248]
Event: 2.195 Thread 0x0000000017108800 Exception <a 'java/security/PrivilegedActionException'> (0x00000000eaca85d8) thrown at [C:\re\workspace\8-2-build-windows-amd64-cygwin\jdk8u11\648\hotspot\src\share\vm\prims\jvm.cpp, line 1248]
Event: 2.196 Thread 0x0000000017108800 Exception <a 'java/security/PrivilegedActionException'> (0x00000000eacae1e0) thrown at [C:\re\workspace\8-2-build-windows-amd64-cygwin\jdk8u11\648\hotspot\src\share\vm\prims\jvm.cpp, line 1248]
Event: 2.197 Thread 0x0000000017108800 Exception <a 'java/security/PrivilegedActionException'> (0x00000000eacb3320) thrown at [C:\re\workspace\8-2-build-windows-amd64-cygwin\jdk8u11\648\hotspot\src\share\vm\prims\jvm.cpp, line 1248]
Event: 2.198 Thread 0x0000000017108800 Exception <a 'java/security/PrivilegedActionException'> (0x00000000eacbc6a8) thrown at [C:\re\workspace\8-2-build-windows-amd64-cygwin\jdk8u11\648\hotspot\src\share\vm\prims\jvm.cpp, line 1248]
Event: 2.199 Thread 0x0000000017108800 Exception <a 'java/security/PrivilegedActionException'> (0x00000000eacbf8b0) thrown at [C:\re\workspace\8-2-build-windows-amd64-cygwin\jdk8u11\648\hotspot\src\share\vm\prims\jvm.cpp, line 1248]
Event: 2.212 Thread 0x0000000017004000 Exception <a 'java/security/PrivilegedActionException'> (0x00000000eace5ca0) thrown at [C:\re\workspace\8-2-build-windows-amd64-cygwin\jdk8u11\648\hotspot\src\share\vm\prims\jvm.cpp, line 1248]
Event: 2.807 Thread 0x0000000017004000 Exception <a 'java/security/PrivilegedActionException'> (0x00000000eab90ff8) thrown at [C:\re\workspace\8-2-build-windows-amd64-cygwin\jdk8u11\648\hotspot\src\share\vm\prims\jvm.cpp, line 1248]
Event: 2.851 Thread 0x0000000017103800 Exception <a 'java/security/PrivilegedActionException'> (0x00000000eac98c30) thrown at [C:\re\workspace\8-2-build-windows-amd64-cygwin\jdk8u11\648\hotspot\src\share\vm\prims\jvm.cpp, line 1248]
Event: 2.855 Thread 0x0000000017103800 Exception <a 'java/security/PrivilegedActionException'> (0x00000000eacbcb78) thrown at [C:\re\workspace\8-2-build-windows-amd64-cygwin\jdk8u11\648\hotspot\src\share\vm\prims\jvm.cpp, line 1248]

Events (10 events):
Event: 2.882 Thread 0x0000000017108800 DEOPT UNPACKING pc=0x0000000002dc55af sp=0x000000001779e6d0 mode 2
Event: 2.882 Thread 0x0000000017108800 Uncommon trap: trap_request=0xffffffde fr.pc=0x0000000002fbf5b0
Event: 2.883 Thread 0x0000000017108800 DEOPT PACKING pc=0x0000000002fbf5b0 sp=0x000000001779e750
Event: 2.883 Thread 0x0000000017108800 DEOPT UNPACKING pc=0x0000000002dc55af sp=0x000000001779e6f0 mode 2
Event: 2.939 Executing VM operation: ParallelGCFailedAllocation
Event: 3.350 Executing VM operation: ParallelGCFailedAllocation done
Event: 3.407 loading class java/util/DualPivotQuicksort
Event: 3.408 loading class java/util/DualPivotQuicksort done
Event: 3.886 Executing VM operation: ParallelGCFailedAllocation
Event: 4.161 Executing VM operation: ParallelGCFailedAllocation done


Dynamic libraries:
0x00007ff62b830000 - 0x00007ff62b864000 	C:\Program Files\Java\jdk1.8.0_11\bin\java.exe
0x00007ff88e850000 - 0x00007ff88ea21000 	C:\WINDOWS\SYSTEM32\ntdll.dll
0x00007ff88c230000 - 0x00007ff88c2db000 	C:\WINDOWS\System32\KERNEL32.DLL
0x00007ff88b030000 - 0x00007ff88b24d000 	C:\WINDOWS\System32\KERNELBASE.dll
0x00007ff88bdf0000 - 0x00007ff88be92000 	C:\WINDOWS\System32\ADVAPI32.dll
0x00007ff88c530000 - 0x00007ff88c5ce000 	C:\WINDOWS\System32\msvcrt.dll
0x00007ff88bf70000 - 0x00007ff88bfc9000 	C:\WINDOWS\System32\sechost.dll
0x00007ff88c400000 - 0x00007ff88c521000 	C:\WINDOWS\System32\RPCRT4.dll
0x00007ff88c5d0000 - 0x00007ff88c735000 	C:\WINDOWS\System32\USER32.dll
0x00007ff88ad40000 - 0x00007ff88ad5e000 	C:\WINDOWS\System32\win32u.dll
0x00007ff88c7c0000 - 0x00007ff88c7f4000 	C:\WINDOWS\System32\GDI32.dll
0x00007ff88b980000 - 0x00007ff88bb02000 	C:\WINDOWS\System32\gdi32full.dll
0x00007ff87fc40000 - 0x00007ff87feb9000 	C:\WINDOWS\WinSxS\amd64_microsoft.windows.common-controls_6595b64144ccf1df_6.0.14393.447_none_42191651c6827bb3\COMCTL32.dll
0x00007ff88cfb0000 - 0x00007ff88d278000 	C:\WINDOWS\System32\combase.dll
0x00007ff88bb10000 - 0x00007ff88bc05000 	C:\WINDOWS\System32\ucrtbase.dll
0x00007ff88bd70000 - 0x00007ff88bdda000 	C:\WINDOWS\System32\bcryptPrimitives.dll
0x00007ff88bf40000 - 0x00007ff88bf6e000 	C:\WINDOWS\System32\IMM32.DLL
0x000000006e1d0000 - 0x000000006e2a2000 	C:\Program Files\Java\jdk1.8.0_11\jre\bin\msvcr100.dll
0x000000006e4b0000 - 0x000000006ecda000 	C:\Program Files\Java\jdk1.8.0_11\jre\bin\server\jvm.dll
0x00007ff88c740000 - 0x00007ff88c748000 	C:\WINDOWS\System32\PSAPI.DLL
0x00007ff8888b0000 - 0x00007ff8888b9000 	C:\WINDOWS\SYSTEM32\WSOCK32.dll
0x00007ff88cf40000 - 0x00007ff88cfaa000 	C:\WINDOWS\System32\WS2_32.dll
0x00007ff888cc0000 - 0x00007ff888ce3000 	C:\WINDOWS\SYSTEM32\WINMM.dll
0x00007ff888c60000 - 0x00007ff888c8b000 	C:\WINDOWS\SYSTEM32\WINMMBASE.dll
0x00007ff88b930000 - 0x00007ff88b972000 	C:\WINDOWS\System32\cfgmgr32.dll
0x000000006f0b0000 - 0x000000006f0bf000 	C:\Program Files\Java\jdk1.8.0_11\jre\bin\verify.dll
0x000000006f080000 - 0x000000006f0a8000 	C:\Program Files\Java\jdk1.8.0_11\jre\bin\java.dll
0x000000006f060000 - 0x000000006f076000 	C:\Program Files\Java\jdk1.8.0_11\jre\bin\zip.dll
0x00007ff88d340000 - 0x00007ff88e849000 	C:\WINDOWS\System32\SHELL32.dll
0x00007ff88b250000 - 0x00007ff88b92a000 	C:\WINDOWS\System32\windows.storage.dll
0x00007ff88acc0000 - 0x00007ff88ad0c000 	C:\WINDOWS\System32\powrprof.dll
0x00007ff88bfd0000 - 0x00007ff88c022000 	C:\WINDOWS\System32\shlwapi.dll
0x00007ff88ad30000 - 0x00007ff88ad3f000 	C:\WINDOWS\System32\kernel.appcore.dll
0x00007ff88bcc0000 - 0x00007ff88bd69000 	C:\WINDOWS\System32\shcore.dll
0x00007ff88ad10000 - 0x00007ff88ad24000 	C:\WINDOWS\System32\profapi.dll

VM Arguments:
jvm_args: -Djava.awt.headless=true -Xmx1024M -Dfile.encoding=windows-1252 -Duser.country=US -Duser.language=en -Duser.variant 
java_command: com.android.dx.command.Main --dex --num-threads=4 --output G:\APK\TugasAkhir1.2\app\build\intermediates\pre-dexed\debug\net.gotev-uploadservice-2.1_85fc5de6caa1622c368898cfe9f2f52891c01c05.jar G:\APK\TugasAkhir1.2\app\build\intermediates\exploded-aar\net.gotev\uploadservice\2.1\jars\classes.jar
java_class_path (initial): C:\Users\Rido\AppData\Local\Android\sdk\build-tools\24.0.3\lib\dx.jar
Launcher Type: SUN_STANDARD

Environment Variables:
PATH=C:\WINDOWS\system32;C:\WINDOWS;C:\WINDOWS\System32\Wbem;C:\WINDOWS\System32\WindowsPowerShell\v1.0\;C:\Program Files\Java\jdk1.8.0_11\bin;C:\xampp\php;C:\Program Files (x86)\Microsoft SQL Server\100\Tools\Binn\;C:\Program Files\Microsoft SQL Server\100\Tools\Binn\;C:\Program Files\Microsoft SQL Server\100\DTS\Binn\;C:\Program Files (x86)\Microsoft SQL Server\100\Tools\Binn\VSShell\Common7\IDE\;C:\Program Files (x86)\Microsoft SQL Server\100\DTS\Binn\;C:\OpenSSL-Win64\bin\openssl.cfg;C:\Program Files (x86)\GNU\GnuPG\pub;C:\Program Files\Git\cmd;C:\ProgramData\ComposerSetup\bin;C:\WINDOWS\system32;C:\WINDOWS;C:\WINDOWS\System32\Wbem;C:\WINDOWS\System32\WindowsPowerShell\v1.0\;C:\Program Files\Java\jdk1.8.0_11\bin;C:\Users\Rido\AppData\Local\Microsoft\WindowsApps;C:\Users\Rido\AppData\Roaming\Composer\vendor\bin
USERNAME=1312100999
OS=Windows_NT
PROCESSOR_IDENTIFIER=Intel64 Family 6 Model 58 Stepping 9, GenuineIntel



---------------  S Y S T E M  ---------------

OS: Windows 8.1 , 64 bit Build 9600 

CPU:total 4 (2 cores per cpu, 2 threads per core) family 6 model 58 stepping 9, cmov, cx8, fxsr, mmx, sse, sse2, sse3, ssse3, sse4.1, sse4.2, popcnt, avx, clmul, erms, ht, tsc, tscinvbit

Memory: 4k page, physical 4089620k(349956k free), swap 5531412k(4144k free)

vm_info: Java HotSpot(TM) 64-Bit Server VM (25.11-b03) for windows-amd64 JRE (1.8.0_11-b12), built on Jun 16 2014 20:57:32 by "java_re" with MS VC++ 10.0 (VS2010)

time: Tue Feb 28 22:21:46 2017
elapsed time: 4 seconds

