#
# There is insufficient memory for the Java Runtime Environment to continue.
# Native memory allocation (malloc) failed to allocate 275696 bytes for Chunk::new
# Possible reasons:
#   The system is out of physical RAM or swap space
#   In 32 bit mode, the process size limit was hit
# Possible solutions:
#   Reduce memory load on the system
#   Increase physical memory or swap space
#   Check if swap backing store is full
#   Use 64 bit Java on a 64 bit OS
#   Decrease Java heap size (-Xmx/-Xms)
#   Decrease number of Java threads
#   Decrease Java thread stack sizes (-Xss)
#   Set larger code cache with -XX:ReservedCodeCacheSize=
# This output file may be truncated or incomplete.
#
#  Out of Memory Error (allocation.cpp:388), pid=1596, tid=5380
#
# JRE version: Java(TM) SE Runtime Environment (8.0_11-b12) (build 1.8.0_11-b12)
# Java VM: Java HotSpot(TM) 64-Bit Server VM (25.11-b03 mixed mode windows-amd64 compressed oops)
# Failed to write core dump. Minidumps are not enabled by default on client versions of Windows
#

---------------  T H R E A D  ---------------

Current thread (0x00000000157a8000):  JavaThread "C2 CompilerThread1" daemon [_thread_in_native, id=5380, stack(0x0000000016dd0000,0x0000000016ed0000)]

Stack: [0x0000000016dd0000,0x0000000016ed0000]
[error occurred during error reporting (printing stack bounds), id 0xc0000005]

Native frames: (J=compiled Java code, j=interpreted, Vv=VM code, C=native code)
V  [jvm.dll+0x308eca]
V  [jvm.dll+0x25e121]
V  [jvm.dll+0x25ed33]
V  [jvm.dll+0x277366]
V  [jvm.dll+0x27aea3]
V  [jvm.dll+0x59682f]
C  [msvcr100.dll+0x712e3]
V  [jvm.dll+0x595f4d]
C  [ntdll.dll+0xaab9d]
C  [ntdll.dll+0x49913]
C  [ntdll.dll+0xa9cba]
V  [jvm.dll+0x1fdfe1]


Current CompileTask:
C2:   8239 1712       4       com.android.dx.rop.code.LocalVariableExtractor::processBlock (327 bytes)


---------------  P R O C E S S  ---------------

Java Threads: ( => current thread )
  0x000000001744e000 JavaThread "pool-1-thread-4" [_thread_in_Java, id=9192, stack(0x00000000179d0000,0x0000000017ad0000)]
  0x000000001744a800 JavaThread "pool-1-thread-3" [_thread_in_Java, id=5416, stack(0x00000000178d0000,0x00000000179d0000)]
  0x0000000017449800 JavaThread "pool-1-thread-2" [_thread_blocked, id=9588, stack(0x00000000177d0000,0x00000000178d0000)]
  0x000000001743f000 JavaThread "pool-2-thread-1" [_thread_blocked, id=860, stack(0x00000000176d0000,0x00000000177d0000)]
  0x000000001743c000 JavaThread "pool-1-thread-1" [_thread_blocked, id=4016, stack(0x00000000175d0000,0x00000000176d0000)]
  0x00000000157b6800 JavaThread "Service Thread" daemon [_thread_blocked, id=6892, stack(0x0000000016fd0000,0x00000000170d0000)]
  0x00000000157b3000 JavaThread "C1 CompilerThread2" daemon [_thread_blocked, id=8292, stack(0x0000000016ed0000,0x0000000016fd0000)]
=>0x00000000157a8000 JavaThread "C2 CompilerThread1" daemon [_thread_in_native, id=5380, stack(0x0000000016dd0000,0x0000000016ed0000)]
  0x000000001575b800 JavaThread "C2 CompilerThread0" daemon [_thread_in_native, id=9300, stack(0x0000000016cd0000,0x0000000016dd0000)]
  0x000000001575a800 JavaThread "Attach Listener" daemon [_thread_blocked, id=6180, stack(0x0000000016bd0000,0x0000000016cd0000)]
  0x0000000015759000 JavaThread "Signal Dispatcher" daemon [_thread_blocked, id=8984, stack(0x0000000016ad0000,0x0000000016bd0000)]
  0x000000000307e800 JavaThread "Finalizer" daemon [_thread_blocked, id=3804, stack(0x00000000169d0000,0x0000000016ad0000)]
  0x0000000003078800 JavaThread "Reference Handler" daemon [_thread_blocked, id=2292, stack(0x00000000168d0000,0x00000000169d0000)]
  0x0000000002f90800 JavaThread "main" [_thread_in_vm, id=10204, stack(0x0000000002e90000,0x0000000002f90000)]

Other Threads:
  0x0000000015725800 VMThread [stack: 0x00000000167d0000,0x00000000168d0000] [id=10480]
  0x00000000157b9800 WatcherThread [stack: 0x00000000170d0000,0x00000000171d0000] [id=8100]

VM state:not at safepoint (normal execution)

VM Mutex/Monitor currently owned by a thread: None

Heap:
 PSYoungGen      total 33792K, used 10172K [0x00000000eab00000, 0x00000000ed100000, 0x0000000100000000)
  eden space 29184K, 19% used [0x00000000eab00000,0x00000000eb075118,0x00000000ec780000)
  from space 4608K, 99% used [0x00000000ec780000,0x00000000ecbfa120,0x00000000ecc00000)
  to   space 4096K, 0% used [0x00000000ecc00000,0x00000000ecc00000,0x00000000ed000000)
 ParOldGen       total 64000K, used 13584K [0x00000000c0000000, 0x00000000c3e80000, 0x00000000eab00000)
  object space 64000K, 21% used [0x00000000c0000000,0x00000000c0d44238,0x00000000c3e80000)
 Metaspace       used 5997K, capacity 6960K, committed 7040K, reserved 1056768K
  class space    used 597K, capacity 616K, committed 640K, reserved 1048576K

Card table byte_map: [0x0000000012450000,0x0000000012660000] byte_map_base: 0x0000000011e50000

Marking Bits: (ParMarkBitMap*) 0x000000006ec612b0
 Begin Bits: [0x0000000012bc0000, 0x0000000013bc0000)
 End Bits:   [0x0000000013bc0000, 0x0000000014bc0000)

Polling page: 0x0000000001340000

CodeCache: size=245760Kb used=7086Kb max_used=7086Kb free=238673Kb
 bounds [0x0000000003090000, 0x0000000003790000, 0x0000000012090000]
 total_blobs=1965 nmethods=1698 adapters=178
 compilation: enabled

Compilation events (10 events):
Event: 8.162 Thread 0x00000000157b3000 1733       2       com.android.dx.ssa.PhiTypeResolver::resolveResultType (308 bytes)
Event: 8.165 Thread 0x00000000157b3000 nmethod 1733 0x0000000003775c50 code [0x0000000003775f20, 0x0000000003776d18]
Event: 8.188 Thread 0x00000000157b3000 1735       2       com.android.dx.rop.code.Rops::opGetStatic (97 bytes)
Event: 8.189 Thread 0x00000000157b3000 nmethod 1735 0x000000000375c110 code [0x000000000375c2e0, 0x000000000375c818]
Event: 8.189 Thread 0x00000000157b3000 1736       1       com.android.dx.rop.cst.CstKnownNull::hashCode (3 bytes)
Event: 8.190 Thread 0x00000000157b3000 nmethod 1736 0x000000000374bb10 code [0x000000000374bc60, 0x000000000374bd70]
Event: 8.192 Thread 0x00000000157b3000 1737       1       com.android.dx.cf.direct.DirectClassFile$DcfTypeList::size (5 bytes)
Event: 8.192 Thread 0x00000000157b3000 nmethod 1737 0x000000000374b850 code [0x000000000374b9a0, 0x000000000374bab0]
Event: 8.194 Thread 0x00000000157b3000 1738       2       java.util.concurrent.locks.AbstractQueuedSynchronizer::shouldParkAfterFailedAcquire (50 bytes)
Event: 8.194 Thread 0x00000000157b3000 nmethod 1738 0x000000000375bc10 code [0x000000000375bd80, 0x000000000375bfb0]

GC Heap History (10 events):
Event: 4.952 GC heap before
{Heap before GC invocations=11 (full 0):
 PSYoungGen      total 13824K, used 13376K [0x00000000eab00000, 0x00000000ebc80000, 0x0000000100000000)
  eden space 11264K, 100% used [0x00000000eab00000,0x00000000eb600000,0x00000000eb600000)
  from space 2560K, 82% used [0x00000000eb900000,0x00000000ebb10010,0x00000000ebb80000)
  to   space 3072K, 0% used [0x00000000eb600000,0x00000000eb600000,0x00000000eb900000)
 ParOldGen       total 64000K, used 2764K [0x00000000c0000000, 0x00000000c3e80000, 0x00000000eab00000)
  object space 64000K, 4% used [0x00000000c0000000,0x00000000c02b32a0,0x00000000c3e80000)
 Metaspace       used 5916K, capacity 6896K, committed 7040K, reserved 1056768K
  class space    used 596K, capacity 616K, committed 640K, reserved 1048576K
Event: 5.200 GC heap after
Heap after GC invocations=11 (full 0):
 PSYoungGen      total 14336K, used 2143K [0x00000000eab00000, 0x00000000ec300000, 0x0000000100000000)
  eden space 11264K, 0% used [0x00000000eab00000,0x00000000eab00000,0x00000000eb600000)
  from space 3072K, 69% used [0x00000000eb600000,0x00000000eb817e18,0x00000000eb900000)
  to   space 3072K, 0% used [0x00000000ec000000,0x00000000ec000000,0x00000000ec300000)
 ParOldGen       total 64000K, used 4703K [0x00000000c0000000, 0x00000000c3e80000, 0x00000000eab00000)
  object space 64000K, 7% used [0x00000000c0000000,0x00000000c0497df8,0x00000000c3e80000)
 Metaspace       used 5916K, capacity 6896K, committed 7040K, reserved 1056768K
  class space    used 596K, capacity 616K, committed 640K, reserved 1048576K
}
Event: 5.647 GC heap before
{Heap before GC invocations=12 (full 0):
 PSYoungGen      total 14336K, used 13407K [0x00000000eab00000, 0x00000000ec300000, 0x0000000100000000)
  eden space 11264K, 100% used [0x00000000eab00000,0x00000000eb600000,0x00000000eb600000)
  from space 3072K, 69% used [0x00000000eb600000,0x00000000eb817e18,0x00000000eb900000)
  to   space 3072K, 0% used [0x00000000ec000000,0x00000000ec000000,0x00000000ec300000)
 ParOldGen       total 64000K, used 4703K [0x00000000c0000000, 0x00000000c3e80000, 0x00000000eab00000)
  object space 64000K, 7% used [0x00000000c0000000,0x00000000c0497df8,0x00000000c3e80000)
 Metaspace       used 5936K, capacity 6896K, committed 7040K, reserved 1056768K
  class space    used 596K, capacity 616K, committed 640K, reserved 1048576K
Event: 6.317 GC heap after
Heap after GC invocations=12 (full 0):
 PSYoungGen      total 21504K, used 1728K [0x00000000eab00000, 0x00000000ec300000, 0x0000000100000000)
  eden space 18432K, 0% used [0x00000000eab00000,0x00000000eab00000,0x00000000ebd00000)
  from space 3072K, 56% used [0x00000000ec000000,0x00000000ec1b0000,0x00000000ec300000)
  to   space 3072K, 0% used [0x00000000ebd00000,0x00000000ebd00000,0x00000000ec000000)
 ParOldGen       total 64000K, used 6545K [0x00000000c0000000, 0x00000000c3e80000, 0x00000000eab00000)
  object space 64000K, 10% used [0x00000000c0000000,0x00000000c0664738,0x00000000c3e80000)
 Metaspace       used 5936K, capacity 6896K, committed 7040K, reserved 1056768K
  class space    used 596K, capacity 616K, committed 640K, reserved 1048576K
}
Event: 6.790 GC heap before
{Heap before GC invocations=13 (full 0):
 PSYoungGen      total 21504K, used 20160K [0x00000000eab00000, 0x00000000ec300000, 0x0000000100000000)
  eden space 18432K, 100% used [0x00000000eab00000,0x00000000ebd00000,0x00000000ebd00000)
  from space 3072K, 56% used [0x00000000ec000000,0x00000000ec1b0000,0x00000000ec300000)
  to   space 3072K, 0% used [0x00000000ebd00000,0x00000000ebd00000,0x00000000ec000000)
 ParOldGen       total 64000K, used 6545K [0x00000000c0000000, 0x00000000c3e80000, 0x00000000eab00000)
  object space 64000K, 10% used [0x00000000c0000000,0x00000000c0664738,0x00000000c3e80000)
 Metaspace       used 5953K, capacity 6960K, committed 7040K, reserved 1056768K
  class space    used 596K, capacity 616K, committed 640K, reserved 1048576K
Event: 6.797 GC heap after
Heap after GC invocations=13 (full 0):
 PSYoungGen      total 21504K, used 3040K [0x00000000eab00000, 0x00000000ed000000, 0x0000000100000000)
  eden space 18432K, 0% used [0x00000000eab00000,0x00000000eab00000,0x00000000ebd00000)
  from space 3072K, 98% used [0x00000000ebd00000,0x00000000ebff8010,0x00000000ec000000)
  to   space 4096K, 0% used [0x00000000ecc00000,0x00000000ecc00000,0x00000000ed000000)
 ParOldGen       total 64000K, used 8229K [0x00000000c0000000, 0x00000000c3e80000, 0x00000000eab00000)
  object space 64000K, 12% used [0x00000000c0000000,0x00000000c0809590,0x00000000c3e80000)
 Metaspace       used 5953K, capacity 6960K, committed 7040K, reserved 1056768K
  class space    used 596K, capacity 616K, committed 640K, reserved 1048576K
}
Event: 6.967 GC heap before
{Heap before GC invocations=14 (full 0):
 PSYoungGen      total 21504K, used 21472K [0x00000000eab00000, 0x00000000ed000000, 0x0000000100000000)
  eden space 18432K, 100% used [0x00000000eab00000,0x00000000ebd00000,0x00000000ebd00000)
  from space 3072K, 98% used [0x00000000ebd00000,0x00000000ebff8010,0x00000000ec000000)
  to   space 4096K, 0% used [0x00000000ecc00000,0x00000000ecc00000,0x00000000ed000000)
 ParOldGen       total 64000K, used 8229K [0x00000000c0000000, 0x00000000c3e80000, 0x00000000eab00000)
  object space 64000K, 12% used [0x00000000c0000000,0x00000000c0809590,0x00000000c3e80000)
 Metaspace       used 5966K, capacity 6960K, committed 7040K, reserved 1056768K
  class space    used 596K, capacity 616K, committed 640K, reserved 1048576K
Event: 7.315 GC heap after
Heap after GC invocations=14 (full 0):
 PSYoungGen      total 33280K, used 2704K [0x00000000eab00000, 0x00000000ed100000, 0x0000000100000000)
  eden space 29184K, 0% used [0x00000000eab00000,0x00000000eab00000,0x00000000ec780000)
  from space 4096K, 66% used [0x00000000ecc00000,0x00000000ecea4010,0x00000000ed000000)
  to   space 4608K, 0% used [0x00000000ec780000,0x00000000ec780000,0x00000000ecc00000)
 ParOldGen       total 64000K, used 11008K [0x00000000c0000000, 0x00000000c3e80000, 0x00000000eab00000)
  object space 64000K, 17% used [0x00000000c0000000,0x00000000c0ac0080,0x00000000c3e80000)
 Metaspace       used 5966K, capacity 6960K, committed 7040K, reserved 1056768K
  class space    used 596K, capacity 616K, committed 640K, reserved 1048576K
}
Event: 7.951 GC heap before
{Heap before GC invocations=15 (full 0):
 PSYoungGen      total 33280K, used 31888K [0x00000000eab00000, 0x00000000ed100000, 0x0000000100000000)
  eden space 29184K, 100% used [0x00000000eab00000,0x00000000ec780000,0x00000000ec780000)
  from space 4096K, 66% used [0x00000000ecc00000,0x00000000ecea4010,0x00000000ed000000)
  to   space 4608K, 0% used [0x00000000ec780000,0x00000000ec780000,0x00000000ecc00000)
 ParOldGen       total 64000K, used 11008K [0x00000000c0000000, 0x00000000c3e80000, 0x00000000eab00000)
  object space 64000K, 17% used [0x00000000c0000000,0x00000000c0ac0080,0x00000000c3e80000)
 Metaspace       used 5990K, capacity 6960K, committed 7040K, reserved 1056768K
  class space    used 596K, capacity 616K, committed 640K, reserved 1048576K
Event: 8.027 GC heap after
Heap after GC invocations=15 (full 0):
 PSYoungGen      total 33792K, used 4584K [0x00000000eab00000, 0x00000000ed100000, 0x0000000100000000)
  eden space 29184K, 0% used [0x00000000eab00000,0x00000000eab00000,0x00000000ec780000)
  from space 4608K, 99% used [0x00000000ec780000,0x00000000ecbfa120,0x00000000ecc00000)
  to   space 4096K, 0% used [0x00000000ecc00000,0x00000000ecc00000,0x00000000ed000000)
 ParOldGen       total 64000K, used 13584K [0x00000000c0000000, 0x00000000c3e80000, 0x00000000eab00000)
  object space 64000K, 21% used [0x00000000c0000000,0x00000000c0d44238,0x00000000c3e80000)
 Metaspace       used 5990K, capacity 6960K, committed 7040K, reserved 1056768K
  class space    used 596K, capacity 616K, committed 640K, reserved 1048576K
}

Deoptimization events (10 events):
Event: 6.381 Thread 0x0000000017449800 Uncommon trap: reason=class_check action=maybe_recompile pc=0x00000000036a993c method=java.util.HashMap.putVal(ILjava/lang/Object;Ljava/lang/Object;ZZ)Ljava/lang/Object; @ 203
Event: 6.551 Thread 0x0000000002f90800 Uncommon trap: reason=bimorphic action=maybe_recompile pc=0x00000000036b2930 method=com.android.dx.cf.code.BytecodeArray.parseInstruction(ILcom/android/dx/cf/code/BytecodeArray$Visitor;)I @ 939
Event: 6.551 Thread 0x0000000002f90800 Uncommon trap: reason=bimorphic action=maybe_recompile pc=0x00000000036b2930 method=com.android.dx.cf.code.BytecodeArray.parseInstruction(ILcom/android/dx/cf/code/BytecodeArray$Visitor;)I @ 939
Event: 6.551 Thread 0x0000000002f90800 Uncommon trap: reason=bimorphic action=maybe_recompile pc=0x00000000036b2930 method=com.android.dx.cf.code.BytecodeArray.parseInstruction(ILcom/android/dx/cf/code/BytecodeArray$Visitor;)I @ 939
Event: 6.552 Thread 0x0000000002f90800 Uncommon trap: reason=bimorphic action=maybe_recompile pc=0x00000000036b2930 method=com.android.dx.cf.code.BytecodeArray.parseInstruction(ILcom/android/dx/cf/code/BytecodeArray$Visitor;)I @ 939
Event: 6.590 Thread 0x000000001744e000 Uncommon trap: reason=null_check action=make_not_entrant pc=0x00000000033eef48 method=com.android.dx.ssa.SsaRenamer.getLocalForNewReg(I)Lcom/android/dx/rop/code/LocalItem; @ 19
Event: 6.824 Thread 0x0000000002f90800 Uncommon trap: reason=class_check action=maybe_recompile pc=0x00000000036a993c method=java.util.HashMap.putVal(ILjava/lang/Object;Ljava/lang/Object;ZZ)Ljava/lang/Object; @ 203
Event: 6.824 Thread 0x0000000002f90800 Uncommon trap: reason=class_check action=maybe_recompile pc=0x00000000036a993c method=java.util.HashMap.putVal(ILjava/lang/Object;Ljava/lang/Object;ZZ)Ljava/lang/Object; @ 203
Event: 7.414 Thread 0x0000000002f90800 Uncommon trap: reason=bimorphic action=maybe_recompile pc=0x00000000037214a4 method=com.android.dx.cf.code.BytecodeArray.parseInstruction(ILcom/android/dx/cf/code/BytecodeArray$Visitor;)I @ 2484
Event: 7.414 Thread 0x0000000002f90800 Uncommon trap: reason=bimorphic action=maybe_recompile pc=0x00000000037214a4 method=com.android.dx.cf.code.BytecodeArray.parseInstruction(ILcom/android/dx/cf/code/BytecodeArray$Visitor;)I @ 2484

Internal exceptions (10 events):
Event: 1.594 Thread 0x000000001743c000 Exception <a 'java/security/PrivilegedActionException'> (0x00000000eac9f950) thrown at [C:\re\workspace\8-2-build-windows-amd64-cygwin\jdk8u11\648\hotspot\src\share\vm\prims\jvm.cpp, line 1248]
Event: 1.595 Thread 0x000000001743c000 Exception <a 'java/security/PrivilegedActionException'> (0x00000000eaca54f8) thrown at [C:\re\workspace\8-2-build-windows-amd64-cygwin\jdk8u11\648\hotspot\src\share\vm\prims\jvm.cpp, line 1248]
Event: 1.596 Thread 0x000000001743c000 Exception <a 'java/security/PrivilegedActionException'> (0x00000000eacbe2d0) thrown at [C:\re\workspace\8-2-build-windows-amd64-cygwin\jdk8u11\648\hotspot\src\share\vm\prims\jvm.cpp, line 1248]
Event: 1.645 Thread 0x000000001744e000 Exception <a 'java/security/PrivilegedActionException'> (0x00000000eae479f0) thrown at [C:\re\workspace\8-2-build-windows-amd64-cygwin\jdk8u11\648\hotspot\src\share\vm\prims\jvm.cpp, line 1248]
Event: 1.872 Thread 0x000000001743c000 Exception <a 'java/security/PrivilegedActionException'> (0x00000000eaf5a1a0) thrown at [C:\re\workspace\8-2-build-windows-amd64-cygwin\jdk8u11\648\hotspot\src\share\vm\prims\jvm.cpp, line 1248]
Event: 2.231 Thread 0x000000001744e000 Exception <a 'java/security/PrivilegedActionException'> (0x00000000eb14f608) thrown at [C:\re\workspace\8-2-build-windows-amd64-cygwin\jdk8u11\648\hotspot\src\share\vm\prims\jvm.cpp, line 1248]
Event: 2.366 Thread 0x0000000002f90800 Exception <a 'java/security/PrivilegedActionException'> (0x00000000eb1e0790) thrown at [C:\re\workspace\8-2-build-windows-amd64-cygwin\jdk8u11\648\hotspot\src\share\vm\prims\jvm.cpp, line 1248]
Event: 3.821 Thread 0x0000000017449800 Implicit null exception at 0x000000000335e5a2 to 0x000000000335e692
Event: 4.732 Thread 0x0000000017449800 Exception <a 'java/security/PrivilegedActionException'> (0x00000000eb0df648) thrown at [C:\re\workspace\8-2-build-windows-amd64-cygwin\jdk8u11\648\hotspot\src\share\vm\prims\jvm.cpp, line 1248]
Event: 6.590 Thread 0x000000001744e000 Implicit null exception at 0x00000000033ecfb7 to 0x00000000033eef21

Events (10 events):
Event: 6.967 Executing VM operation: ParallelGCFailedAllocation
Event: 7.315 Executing VM operation: ParallelGCFailedAllocation done
Event: 7.414 Thread 0x0000000002f90800 Uncommon trap: trap_request=0xffffffc6 fr.pc=0x00000000037214a4
Event: 7.414 Thread 0x0000000002f90800 DEOPT PACKING pc=0x00000000037214a4 sp=0x0000000002f8e2b0
Event: 7.414 Thread 0x0000000002f90800 DEOPT UNPACKING pc=0x00000000030d55af sp=0x0000000002f8e248 mode 2
Event: 7.414 Thread 0x0000000002f90800 Uncommon trap: trap_request=0xffffffc6 fr.pc=0x00000000037214a4
Event: 7.414 Thread 0x0000000002f90800 DEOPT PACKING pc=0x00000000037214a4 sp=0x0000000002f8e100
Event: 7.414 Thread 0x0000000002f90800 DEOPT UNPACKING pc=0x00000000030d55af sp=0x0000000002f8e098 mode 2
Event: 7.950 Executing VM operation: ParallelGCFailedAllocation
Event: 8.027 Executing VM operation: ParallelGCFailedAllocation done


Dynamic libraries:
0x00007ff62b830000 - 0x00007ff62b864000 	C:\Program Files\Java\jdk1.8.0_11\bin\java.exe
0x00007ff88e850000 - 0x00007ff88ea21000 	C:\WINDOWS\SYSTEM32\ntdll.dll
0x00007ff88c230000 - 0x00007ff88c2db000 	C:\WINDOWS\System32\KERNEL32.DLL
0x00007ff88b030000 - 0x00007ff88b24d000 	C:\WINDOWS\System32\KERNELBASE.dll
0x00007ff88bdf0000 - 0x00007ff88be92000 	C:\WINDOWS\System32\ADVAPI32.dll
0x00007ff88c530000 - 0x00007ff88c5ce000 	C:\WINDOWS\System32\msvcrt.dll
0x00007ff88bf70000 - 0x00007ff88bfc9000 	C:\WINDOWS\System32\sechost.dll
0x00007ff88c400000 - 0x00007ff88c521000 	C:\WINDOWS\System32\RPCRT4.dll
0x00007ff88c5d0000 - 0x00007ff88c735000 	C:\WINDOWS\System32\USER32.dll
0x00007ff88ad40000 - 0x00007ff88ad5e000 	C:\WINDOWS\System32\win32u.dll
0x00007ff88c7c0000 - 0x00007ff88c7f4000 	C:\WINDOWS\System32\GDI32.dll
0x00007ff88b980000 - 0x00007ff88bb02000 	C:\WINDOWS\System32\gdi32full.dll
0x00007ff87fc40000 - 0x00007ff87feb9000 	C:\WINDOWS\WinSxS\amd64_microsoft.windows.common-controls_6595b64144ccf1df_6.0.14393.447_none_42191651c6827bb3\COMCTL32.dll
0x00007ff88cfb0000 - 0x00007ff88d278000 	C:\WINDOWS\System32\combase.dll
0x00007ff88bb10000 - 0x00007ff88bc05000 	C:\WINDOWS\System32\ucrtbase.dll
0x00007ff88bd70000 - 0x00007ff88bdda000 	C:\WINDOWS\System32\bcryptPrimitives.dll
0x00007ff88bf40000 - 0x00007ff88bf6e000 	C:\WINDOWS\System32\IMM32.DLL
0x000000006e1d0000 - 0x000000006e2a2000 	C:\Program Files\Java\jdk1.8.0_11\jre\bin\msvcr100.dll
0x000000006e4b0000 - 0x000000006ecda000 	C:\Program Files\Java\jdk1.8.0_11\jre\bin\server\jvm.dll
0x00007ff88c740000 - 0x00007ff88c748000 	C:\WINDOWS\System32\PSAPI.DLL
0x00007ff8888b0000 - 0x00007ff8888b9000 	C:\WINDOWS\SYSTEM32\WSOCK32.dll
0x00007ff88cf40000 - 0x00007ff88cfaa000 	C:\WINDOWS\System32\WS2_32.dll
0x00007ff888cc0000 - 0x00007ff888ce3000 	C:\WINDOWS\SYSTEM32\WINMM.dll
0x00007ff888c60000 - 0x00007ff888c8b000 	C:\WINDOWS\SYSTEM32\WINMMBASE.dll
0x00007ff88b930000 - 0x00007ff88b972000 	C:\WINDOWS\System32\cfgmgr32.dll
0x000000006f0b0000 - 0x000000006f0bf000 	C:\Program Files\Java\jdk1.8.0_11\jre\bin\verify.dll
0x000000006f080000 - 0x000000006f0a8000 	C:\Program Files\Java\jdk1.8.0_11\jre\bin\java.dll
0x000000006f060000 - 0x000000006f076000 	C:\Program Files\Java\jdk1.8.0_11\jre\bin\zip.dll
0x00007ff88d340000 - 0x00007ff88e849000 	C:\WINDOWS\System32\SHELL32.dll
0x00007ff88b250000 - 0x00007ff88b92a000 	C:\WINDOWS\System32\windows.storage.dll
0x00007ff88acc0000 - 0x00007ff88ad0c000 	C:\WINDOWS\System32\powrprof.dll
0x00007ff88bfd0000 - 0x00007ff88c022000 	C:\WINDOWS\System32\shlwapi.dll
0x00007ff88ad30000 - 0x00007ff88ad3f000 	C:\WINDOWS\System32\kernel.appcore.dll
0x00007ff88bcc0000 - 0x00007ff88bd69000 	C:\WINDOWS\System32\shcore.dll
0x00007ff88ad10000 - 0x00007ff88ad24000 	C:\WINDOWS\System32\profapi.dll
0x00007ff87e8c0000 - 0x00007ff87ea52000 	C:\WINDOWS\SYSTEM32\dbghelp.dll

VM Arguments:
jvm_args: -Djava.awt.headless=true -Xmx1024M -Dfile.encoding=windows-1252 -Duser.country=US -Duser.language=en -Duser.variant 
java_command: com.android.dx.command.Main --dex --num-threads=4 --output G:\APK\TugasAkhir1.2\app\build\intermediates\pre-dexed\debug\com.android.support-design-23.1.1_ebb0600bb562a6cb92c0193b5e0dc906436e2c0d.jar G:\APK\TugasAkhir1.2\app\build\intermediates\exploded-aar\com.android.support\design\23.1.1\jars\classes.jar
java_class_path (initial): C:\Users\Rido\AppData\Local\Android\sdk\build-tools\24.0.3\lib\dx.jar
Launcher Type: SUN_STANDARD

Environment Variables:
PATH=C:\WINDOWS\system32;C:\WINDOWS;C:\WINDOWS\System32\Wbem;C:\WINDOWS\System32\WindowsPowerShell\v1.0\;C:\Program Files\Java\jdk1.8.0_11\bin;C:\xampp\php;C:\Program Files (x86)\Microsoft SQL Server\100\Tools\Binn\;C:\Program Files\Microsoft SQL Server\100\Tools\Binn\;C:\Program Files\Microsoft SQL Server\100\DTS\Binn\;C:\Program Files (x86)\Microsoft SQL Server\100\Tools\Binn\VSShell\Common7\IDE\;C:\Program Files (x86)\Microsoft SQL Server\100\DTS\Binn\;C:\OpenSSL-Win64\bin\openssl.cfg;C:\Program Files (x86)\GNU\GnuPG\pub;C:\Program Files\Git\cmd;C:\ProgramData\ComposerSetup\bin;C:\WINDOWS\system32;C:\WINDOWS;C:\WINDOWS\System32\Wbem;C:\WINDOWS\System32\WindowsPowerShell\v1.0\;C:\Program Files\Java\jdk1.8.0_11\bin;C:\Users\Rido\AppData\Local\Microsoft\WindowsApps;C:\Users\Rido\AppData\Roaming\Composer\vendor\bin
USERNAME=1312100999
OS=Windows_NT
PROCESSOR_IDENTIFIER=Intel64 Family 6 Model 58 Stepping 9, GenuineIntel



---------------  S Y S T E M  ---------------

OS: Windows 8.1 , 64 bit Build 9600 

CPU:total 4 (2 cores per cpu, 2 threads per core) family 6 model 58 stepping 9, cmov, cx8, fxsr, mmx, sse, sse2, sse3, ssse3, sse4.1, sse4.2, popcnt, avx, clmul, erms, ht, tsc, tscinvbit

Memory: 4k page, physical 4089620k(317152k free), swap 5531412k(6844k free)

vm_info: Java HotSpot(TM) 64-Bit Server VM (25.11-b03) for windows-amd64 JRE (1.8.0_11-b12), built on Jun 16 2014 20:57:32 by "java_re" with MS VC++ 10.0 (VS2010)

time: Tue Feb 28 22:21:56 2017
elapsed time: 8 seconds

